[20:56:05.559] [org.apache.ibatis.logging.LogFactory/DEBUG] Logging initialized using 'class org.apache.ibatis.logging.slf4j.Slf4jImpl' adapter.
[20:56:05.560] [org.apache.ibatis.logging.LogFactory/DEBUG] Logging initialized using 'class org.apache.ibatis.logging.slf4j.Slf4jImpl' adapter.
[20:56:05.562] [org.apache.ibatis.io.VFS/DEBUG] Class not found: org.jboss.vfs.VFS
[20:56:05.562] [org.apache.ibatis.io.JBoss6VFS/DEBUG] JBoss 6 VFS API is not available in this environment.
[20:56:05.562] [org.apache.ibatis.io.VFS/DEBUG] Class not found: org.jboss.vfs.VirtualFile
[20:56:05.562] [org.apache.ibatis.io.VFS/DEBUG] VFS implementation org.apache.ibatis.io.JBoss6VFS is not valid in this environment.
[20:56:05.562] [org.apache.ibatis.io.VFS/DEBUG] Using VFS adapter org.apache.ibatis.io.DefaultVFS
[20:56:05.562] [org.apache.ibatis.io.DefaultVFS/DEBUG] Find JAR URL: jar:file:/C:/Minecraft/cocosili/api/server.jar!/top/e404/skin/server/sql/pojo
[20:56:05.562] [org.apache.ibatis.io.DefaultVFS/DEBUG] Inner URL: file:/C:/Minecraft/cocosili/api/server.jar!/top/e404/skin/server/sql/pojo
[20:56:05.562] [org.apache.ibatis.io.DefaultVFS/DEBUG] Extracted JAR URL: file:/C:/Minecraft/cocosili/api/server.jar
[20:56:05.563] [org.apache.ibatis.io.DefaultVFS/DEBUG] Found JAR: file:/C:/Minecraft/cocosili/api/server.jar
[20:56:05.563] [org.apache.ibatis.io.DefaultVFS/DEBUG] Listing jar:file:/C:/Minecraft/cocosili/api/server.jar!/top/e404/skin/server/sql/pojo
[20:56:05.565] [org.apache.ibatis.io.DefaultVFS/DEBUG] Found resource: /top/e404/skin/server/sql/pojo/SkinData$$serializer.class
[20:56:05.565] [org.apache.ibatis.io.DefaultVFS/DEBUG] Found resource: /top/e404/skin/server/sql/pojo/SkinData$Companion.class
[20:56:05.565] [org.apache.ibatis.io.DefaultVFS/DEBUG] Found resource: /top/e404/skin/server/sql/pojo/SkinData$skinBytes$1.class
[20:56:05.565] [org.apache.ibatis.io.DefaultVFS/DEBUG] Found resource: /top/e404/skin/server/sql/pojo/SkinData$updateSkinFile$1.class
[20:56:05.565] [org.apache.ibatis.io.DefaultVFS/DEBUG] Found resource: /top/e404/skin/server/sql/pojo/SkinData.class
[20:56:06.262] [org.apache.ibatis.io.ResolverUtil/DEBUG] Checking to see if class top.e404.skin.server.sql.pojo.SkinData$$serializer matches criteria [is assignable to Object]
[20:56:06.262] [org.apache.ibatis.io.ResolverUtil/DEBUG] Checking to see if class top.e404.skin.server.sql.pojo.SkinData$Companion matches criteria [is assignable to Object]
[20:56:06.263] [org.apache.ibatis.io.ResolverUtil/DEBUG] Checking to see if class top.e404.skin.server.sql.pojo.SkinData$skinBytes$1 matches criteria [is assignable to Object]
[20:56:06.263] [org.apache.ibatis.io.ResolverUtil/DEBUG] Checking to see if class top.e404.skin.server.sql.pojo.SkinData$updateSkinFile$1 matches criteria [is assignable to Object]
[20:56:06.263] [org.apache.ibatis.io.ResolverUtil/DEBUG] Checking to see if class top.e404.skin.server.sql.pojo.SkinData matches criteria [is assignable to Object]
[20:56:06.275] [com.zaxxer.hikari.HikariConfig/DEBUG] HikariPool-1 - configuration:
[20:56:06.280] [com.zaxxer.hikari.HikariConfig/DEBUG] allowPoolSuspension.............false
[20:56:06.280] [com.zaxxer.hikari.HikariConfig/DEBUG] autoCommit......................true
[20:56:06.280] [com.zaxxer.hikari.HikariConfig/DEBUG] catalog.........................none
[20:56:06.280] [com.zaxxer.hikari.HikariConfig/DEBUG] connectionInitSql...............none
[20:56:06.280] [com.zaxxer.hikari.HikariConfig/DEBUG] connectionTestQuery.............none
[20:56:06.280] [com.zaxxer.hikari.HikariConfig/DEBUG] connectionTimeout...............30000
[20:56:06.280] [com.zaxxer.hikari.HikariConfig/DEBUG] dataSource......................none
[20:56:06.280] [com.zaxxer.hikari.HikariConfig/DEBUG] dataSourceClassName.............none
[20:56:06.280] [com.zaxxer.hikari.HikariConfig/DEBUG] dataSourceJNDI..................none
[20:56:06.281] [com.zaxxer.hikari.HikariConfig/DEBUG] dataSourceProperties............{password=<masked>}
[20:56:06.281] [com.zaxxer.hikari.HikariConfig/DEBUG] driverClassName.................none
[20:56:06.281] [com.zaxxer.hikari.HikariConfig/DEBUG] exceptionOverrideClassName......none
[20:56:06.281] [com.zaxxer.hikari.HikariConfig/DEBUG] healthCheckProperties...........{}
[20:56:06.281] [com.zaxxer.hikari.HikariConfig/DEBUG] healthCheckRegistry.............none
[20:56:06.281] [com.zaxxer.hikari.HikariConfig/DEBUG] idleTimeout.....................600000
[20:56:06.281] [com.zaxxer.hikari.HikariConfig/DEBUG] initializationFailTimeout.......1
[20:56:06.281] [com.zaxxer.hikari.HikariConfig/DEBUG] isolateInternalQueries..........false
[20:56:06.281] [com.zaxxer.hikari.HikariConfig/DEBUG] jdbcUrl.........................jdbc:mysql://127.0.0.1:3306/skin?useSSL=false
[20:56:06.281] [com.zaxxer.hikari.HikariConfig/DEBUG] keepaliveTime...................0
[20:56:06.282] [com.zaxxer.hikari.HikariConfig/DEBUG] leakDetectionThreshold..........0
[20:56:06.282] [com.zaxxer.hikari.HikariConfig/DEBUG] maxLifetime.....................1800000
[20:56:06.282] [com.zaxxer.hikari.HikariConfig/DEBUG] maximumPoolSize.................10
[20:56:06.282] [com.zaxxer.hikari.HikariConfig/DEBUG] metricRegistry..................none
[20:56:06.282] [com.zaxxer.hikari.HikariConfig/DEBUG] metricsTrackerFactory...........none
[20:56:06.282] [com.zaxxer.hikari.HikariConfig/DEBUG] minimumIdle.....................10
[20:56:06.282] [com.zaxxer.hikari.HikariConfig/DEBUG] password........................<masked>
[20:56:06.282] [com.zaxxer.hikari.HikariConfig/DEBUG] poolName........................"HikariPool-1"
[20:56:06.282] [com.zaxxer.hikari.HikariConfig/DEBUG] readOnly........................false
[20:56:06.282] [com.zaxxer.hikari.HikariConfig/DEBUG] registerMbeans..................false
[20:56:06.282] [com.zaxxer.hikari.HikariConfig/DEBUG] scheduledExecutor...............none
[20:56:06.282] [com.zaxxer.hikari.HikariConfig/DEBUG] schema..........................none
[20:56:06.282] [com.zaxxer.hikari.HikariConfig/DEBUG] threadFactory...................internal
[20:56:06.282] [com.zaxxer.hikari.HikariConfig/DEBUG] transactionIsolation............default
[20:56:06.282] [com.zaxxer.hikari.HikariConfig/DEBUG] username........................"root"
[20:56:06.282] [com.zaxxer.hikari.HikariConfig/DEBUG] validationTimeout...............5000
[20:56:06.286] [com.zaxxer.hikari.HikariDataSource/INFO ] HikariPool-1 - Starting...
[20:56:06.296] [com.zaxxer.hikari.util.DriverDataSource/DEBUG] Loaded driver with class name com.mysql.cj.jdbc.Driver for jdbcUrl=jdbc:mysql://127.0.0.1:3306/skin?useSSL=false
[20:56:06.395] [com.zaxxer.hikari.pool.HikariPool/INFO ] HikariPool-1 - Added connection com.mysql.cj.jdbc.ConnectionImpl@56f1ed93
[20:56:06.396] [com.zaxxer.hikari.HikariDataSource/INFO ] HikariPool-1 - Start completed.
[20:56:06.405] [net.sf.ehcache.config.ConfigurationFactory/DEBUG] Configuring ehcache from ehcache.xml found in the classpath: jar:file:/C:/Minecraft/cocosili/api/server.jar!/ehcache.xml
[20:56:06.405] [net.sf.ehcache.config.ConfigurationFactory/DEBUG] Configuring ehcache from URL: jar:file:/C:/Minecraft/cocosili/api/server.jar!/ehcache.xml
[20:56:06.405] [net.sf.ehcache.config.ConfigurationFactory/DEBUG] Configuring ehcache from InputStream
[20:56:06.412] [net.sf.ehcache.config.BeanHandler/DEBUG] Ignoring ehcache attribute xmlns:xsi
[20:56:06.412] [net.sf.ehcache.config.BeanHandler/DEBUG] Ignoring ehcache attribute xsi:noNamespaceSchemaLocation
[20:56:06.413] [net.sf.ehcache.config.DiskStoreConfiguration/DEBUG] Disk Store Path: C:\Minecraft\cocosili\api/eh_cache
[20:56:06.417] [net.sf.ehcache.CacheManager/DEBUG] Creating new CacheManager with default config
[20:56:06.418] [net.sf.ehcache.util.PropertyUtil/DEBUG] propertiesString is null.
[20:56:06.421] [net.sf.ehcache.config.ConfigurationHelper/DEBUG] No CacheManagerEventListenerFactory class specified. Skipping...
[20:56:06.448] [net.sf.ehcache.Cache/DEBUG] No BootstrapCacheLoaderFactory class specified. Skipping...
[20:56:06.448] [net.sf.ehcache.Cache/DEBUG] CacheWriter factory not configured. Skipping...
[20:56:06.448] [net.sf.ehcache.config.ConfigurationHelper/DEBUG] No CacheExceptionHandlerFactory class specified. Skipping...
[20:56:06.451] [net.sf.ehcache.Cache/DEBUG] No BootstrapCacheLoaderFactory class specified. Skipping...
[20:56:06.451] [net.sf.ehcache.Cache/DEBUG] CacheWriter factory not configured. Skipping...
[20:56:06.451] [net.sf.ehcache.config.ConfigurationHelper/DEBUG] No CacheExceptionHandlerFactory class specified. Skipping...
[20:56:06.456] [net.sf.ehcache.store.MemoryStore/DEBUG] Initialized net.sf.ehcache.store.MemoryStore for cloud_user
[20:56:06.463] [net.sf.ehcache.statistics.extended.ExtendedStatisticsImpl/DEBUG] Mocking Pass-Through Statistic: LOCAL_OFFHEAP_SIZE
[20:56:06.463] [net.sf.ehcache.statistics.extended.ExtendedStatisticsImpl/DEBUG] Mocking Pass-Through Statistic: LOCAL_OFFHEAP_SIZE_BYTES
[20:56:06.463] [net.sf.ehcache.statistics.extended.ExtendedStatisticsImpl/DEBUG] Mocking Pass-Through Statistic: LOCAL_DISK_SIZE
[20:56:06.463] [net.sf.ehcache.statistics.extended.ExtendedStatisticsImpl/DEBUG] Mocking Pass-Through Statistic: LOCAL_DISK_SIZE_BYTES
[20:56:06.463] [net.sf.ehcache.statistics.extended.ExtendedStatisticsImpl/DEBUG] Mocking Pass-Through Statistic: WRITER_QUEUE_LENGTH
[20:56:06.463] [net.sf.ehcache.statistics.extended.ExtendedStatisticsImpl/DEBUG] Mocking Pass-Through Statistic: REMOTE_SIZE
[20:56:06.463] [net.sf.ehcache.statistics.extended.ExtendedStatisticsImpl/DEBUG] Mocking Pass-Through Statistic: LAST_REJOIN_TIMESTAMP
[20:56:06.467] [net.sf.ehcache.statistics.extended.ExtendedStatisticsImpl/DEBUG] Mocking Operation Statistic: OFFHEAP_GET
[20:56:06.469] [net.sf.ehcache.statistics.extended.ExtendedStatisticsImpl/DEBUG] Mocking Operation Statistic: OFFHEAP_PUT
[20:56:06.469] [net.sf.ehcache.statistics.extended.ExtendedStatisticsImpl/DEBUG] Mocking Operation Statistic: OFFHEAP_REMOVE
[20:56:06.469] [net.sf.ehcache.statistics.extended.ExtendedStatisticsImpl/DEBUG] Mocking Operation Statistic: DISK_GET
[20:56:06.469] [net.sf.ehcache.statistics.extended.ExtendedStatisticsImpl/DEBUG] Mocking Operation Statistic: DISK_PUT
[20:56:06.469] [net.sf.ehcache.statistics.extended.ExtendedStatisticsImpl/DEBUG] Mocking Operation Statistic: DISK_REMOVE
[20:56:06.469] [net.sf.ehcache.statistics.extended.ExtendedStatisticsImpl/DEBUG] Mocking Operation Statistic: XA_COMMIT
[20:56:06.469] [net.sf.ehcache.statistics.extended.ExtendedStatisticsImpl/DEBUG] Mocking Operation Statistic: XA_ROLLBACK
[20:56:06.469] [net.sf.ehcache.statistics.extended.ExtendedStatisticsImpl/DEBUG] Mocking Operation Statistic: XA_RECOVERY
[20:56:06.470] [net.sf.ehcache.statistics.extended.ExtendedStatisticsImpl/DEBUG] Mocking Operation Statistic: CLUSTER_EVENT
[20:56:06.470] [net.sf.ehcache.statistics.extended.ExtendedStatisticsImpl/DEBUG] Mocking Operation Statistic: NONSTOP
[20:56:06.472] [net.sf.ehcache.Cache/DEBUG] Initialised cache: cloud_user
[20:56:06.472] [net.sf.ehcache.config.ConfigurationHelper/DEBUG] CacheDecoratorFactory not configured. Skipping for 'cloud_user'.
[20:56:06.472] [net.sf.ehcache.config.ConfigurationHelper/DEBUG] CacheDecoratorFactory not configured for defaultCache. Skipping for 'cloud_user'.
[20:56:06.474] [net.sf.ehcache.store.MemoryStore/DEBUG] Initialized net.sf.ehcache.store.MemoryStore for top.e404.skin.server.sql.mapper.SkinMapper
[20:56:06.474] [net.sf.ehcache.statistics.extended.ExtendedStatisticsImpl/DEBUG] Mocking Pass-Through Statistic: LOCAL_OFFHEAP_SIZE
[20:56:06.474] [net.sf.ehcache.statistics.extended.ExtendedStatisticsImpl/DEBUG] Mocking Pass-Through Statistic: LOCAL_OFFHEAP_SIZE_BYTES
[20:56:06.474] [net.sf.ehcache.statistics.extended.ExtendedStatisticsImpl/DEBUG] Mocking Pass-Through Statistic: LOCAL_DISK_SIZE
[20:56:06.474] [net.sf.ehcache.statistics.extended.ExtendedStatisticsImpl/DEBUG] Mocking Pass-Through Statistic: LOCAL_DISK_SIZE_BYTES
[20:56:06.474] [net.sf.ehcache.statistics.extended.ExtendedStatisticsImpl/DEBUG] Mocking Pass-Through Statistic: WRITER_QUEUE_LENGTH
[20:56:06.474] [net.sf.ehcache.statistics.extended.ExtendedStatisticsImpl/DEBUG] Mocking Pass-Through Statistic: REMOTE_SIZE
[20:56:06.474] [net.sf.ehcache.statistics.extended.ExtendedStatisticsImpl/DEBUG] Mocking Pass-Through Statistic: LAST_REJOIN_TIMESTAMP
[20:56:06.475] [net.sf.ehcache.statistics.extended.ExtendedStatisticsImpl/DEBUG] Mocking Operation Statistic: OFFHEAP_GET
[20:56:06.475] [net.sf.ehcache.statistics.extended.ExtendedStatisticsImpl/DEBUG] Mocking Operation Statistic: OFFHEAP_PUT
[20:56:06.475] [net.sf.ehcache.statistics.extended.ExtendedStatisticsImpl/DEBUG] Mocking Operation Statistic: OFFHEAP_REMOVE
[20:56:06.475] [net.sf.ehcache.statistics.extended.ExtendedStatisticsImpl/DEBUG] Mocking Operation Statistic: DISK_GET
[20:56:06.475] [net.sf.ehcache.statistics.extended.ExtendedStatisticsImpl/DEBUG] Mocking Operation Statistic: DISK_PUT
[20:56:06.475] [net.sf.ehcache.statistics.extended.ExtendedStatisticsImpl/DEBUG] Mocking Operation Statistic: DISK_REMOVE
[20:56:06.475] [net.sf.ehcache.statistics.extended.ExtendedStatisticsImpl/DEBUG] Mocking Operation Statistic: XA_COMMIT
[20:56:06.475] [net.sf.ehcache.statistics.extended.ExtendedStatisticsImpl/DEBUG] Mocking Operation Statistic: XA_ROLLBACK
[20:56:06.475] [net.sf.ehcache.statistics.extended.ExtendedStatisticsImpl/DEBUG] Mocking Operation Statistic: XA_RECOVERY
[20:56:06.475] [net.sf.ehcache.statistics.extended.ExtendedStatisticsImpl/DEBUG] Mocking Operation Statistic: CLUSTER_EVENT
[20:56:06.476] [net.sf.ehcache.statistics.extended.ExtendedStatisticsImpl/DEBUG] Mocking Operation Statistic: NONSTOP
[20:56:06.476] [net.sf.ehcache.Cache/DEBUG] Initialised cache: top.e404.skin.server.sql.mapper.SkinMapper
[20:56:06.476] [net.sf.ehcache.config.ConfigurationHelper/DEBUG] CacheDecoratorFactory not configured for defaultCache. Skipping for 'top.e404.skin.server.sql.mapper.SkinMapper'.
[20:56:06.500] [com.zaxxer.hikari.pool.HikariPool/DEBUG] HikariPool-1 - Pool stats (total=1, active=0, idle=1, waiting=0)
[20:56:06.503] [com.zaxxer.hikari.pool.HikariPool/DEBUG] HikariPool-1 - Added connection com.mysql.cj.jdbc.ConnectionImpl@579387fa
[20:56:06.505] [org.apache.ibatis.transaction.jdbc.JdbcTransaction/DEBUG] Opening JDBC Connection
[20:56:06.510] [top.e404.skin.server.sql.mapper.SkinMapper.initTable/DEBUG] ==>  Preparing: CREATE TABLE IF NOT EXISTS skin ( `uuid` CHAR(36) NOT NULL PRIMARY KEY COMMENT '玩家uuid, 唯一且不可变', `name` VARCHAR(16) NOT NULL COMMENT '玩家名, 可变', `slim` BOOLEAN NOT NULL COMMENT '玩家皮肤模型', `update` BIGINT UNSIGNED NOT NULL COMMENT '最后更新时间', `hash` CHAR(64) NOT NULL COMMENT '用于获取皮肤的url后的hash值' ) ENGINE InnoDB DEFAULT CHARSET UTF8MB4
[20:56:06.518] [com.zaxxer.hikari.pool.HikariPool/DEBUG] HikariPool-1 - Added connection com.mysql.cj.jdbc.ConnectionImpl@6c952cc6
[20:56:06.524] [top.e404.skin.server.sql.mapper.SkinMapper.initTable/DEBUG] ==> Parameters: 
[20:56:06.532] [top.e404.skin.server.sql.mapper.SkinMapper.initTable/DEBUG] <==    Updates: 0
[20:56:06.533] [com.zaxxer.hikari.pool.HikariPool/DEBUG] HikariPool-1 - Added connection com.mysql.cj.jdbc.ConnectionImpl@14a3255e
[20:56:06.538] [org.apache.ibatis.transaction.jdbc.JdbcTransaction/DEBUG] Closing JDBC Connection [HikariProxyConnection@233798018 wrapping com.mysql.cj.jdbc.ConnectionImpl@56f1ed93]
[20:56:06.548] [com.zaxxer.hikari.pool.HikariPool/DEBUG] HikariPool-1 - Added connection com.mysql.cj.jdbc.ConnectionImpl@33b79384
[20:56:06.565] [com.zaxxer.hikari.pool.HikariPool/DEBUG] HikariPool-1 - Added connection com.mysql.cj.jdbc.ConnectionImpl@fa76ec6
[20:56:06.580] [com.zaxxer.hikari.pool.HikariPool/DEBUG] HikariPool-1 - Added connection com.mysql.cj.jdbc.ConnectionImpl@7debeed0
[20:56:06.596] [com.zaxxer.hikari.pool.HikariPool/DEBUG] HikariPool-1 - Added connection com.mysql.cj.jdbc.ConnectionImpl@52a6abce
[20:56:06.612] [com.zaxxer.hikari.pool.HikariPool/DEBUG] HikariPool-1 - Added connection com.mysql.cj.jdbc.ConnectionImpl@799a5b76
[20:56:06.618] [ktor.application/INFO ] Autoreload is disabled because the development mode is off.
[20:56:06.626] [com.zaxxer.hikari.pool.HikariPool/DEBUG] HikariPool-1 - Added connection com.mysql.cj.jdbc.ConnectionImpl@61fd285a
[20:56:06.639] [com.zaxxer.hikari.pool.HikariPool/DEBUG] HikariPool-1 - After adding stats (total=10, active=0, idle=10, waiting=0)
[20:56:06.978] [ktor.application/INFO ] Application started in 0.372 seconds.
[20:56:06.978] [ktor.application/INFO ] Application started: io.ktor.server.application.Application@7b028f00
[20:56:06.983] [io.netty.util.internal.logging.InternalLoggerFactory/DEBUG] Using SLF4J as the default logging framework
[20:56:06.996] [io.netty.util.internal.PlatformDependent0/DEBUG] -Dio.netty.noUnsafe: false
[20:56:06.996] [io.netty.util.internal.PlatformDependent0/DEBUG] Java version: 21
[20:56:06.997] [io.netty.util.internal.PlatformDependent0/DEBUG] sun.misc.Unsafe.theUnsafe: available
[20:56:06.997] [io.netty.util.internal.PlatformDependent0/DEBUG] sun.misc.Unsafe.copyMemory: available
[20:56:06.997] [io.netty.util.internal.PlatformDependent0/DEBUG] sun.misc.Unsafe.storeFence: available
[20:56:06.997] [io.netty.util.internal.PlatformDependent0/DEBUG] java.nio.Buffer.address: available
[20:56:06.998] [io.netty.util.internal.PlatformDependent0/DEBUG] direct buffer constructor: unavailable
java.lang.UnsupportedOperationException: Reflective setAccessible(true) disabled
	at io.netty.util.internal.ReflectionUtil.trySetAccessible(ReflectionUtil.java:31) ~[server.jar:?]
	at io.netty.util.internal.PlatformDependent0$5.run(PlatformDependent0.java:293) ~[server.jar:?]
	at java.security.AccessController.doPrivileged(AccessController.java:319) ~[?:?]
	at io.netty.util.internal.PlatformDependent0.<clinit>(PlatformDependent0.java:286) ~[server.jar:?]
	at io.netty.util.internal.PlatformDependent.isAndroid(PlatformDependent.java:331) ~[server.jar:?]
	at io.netty.util.internal.PlatformDependent.<clinit>(PlatformDependent.java:86) ~[server.jar:?]
	at io.netty.util.internal.ClassInitializerUtil.tryLoadClasses(ClassInitializerUtil.java:32) ~[server.jar:?]
	at io.netty.channel.kqueue.Native.<clinit>(Native.java:65) ~[server.jar:?]
	at io.netty.channel.kqueue.KQueue.<clinit>(KQueue.java:38) ~[server.jar:?]
	at io.ktor.server.netty.NettyApplicationEngineKt.getChannelClass(NettyApplicationEngine.kt:328) ~[server.jar:?]
	at io.ktor.server.netty.NettyApplicationEngineKt.access$getChannelClass(NettyApplicationEngine.kt:1) ~[server.jar:?]
	at io.ktor.server.netty.EventLoopGroupProxy$Companion.create(NettyApplicationEngine.kt:300) ~[server.jar:?]
	at io.ktor.server.netty.NettyApplicationEngine$connectionEventGroup$2.invoke(NettyApplicationEngine.kt:119) ~[server.jar:?]
	at io.ktor.server.netty.NettyApplicationEngine$connectionEventGroup$2.invoke(NettyApplicationEngine.kt:118) ~[server.jar:?]
	at kotlin.SynchronizedLazyImpl.getValue(LazyJVM.kt:74) ~[server.jar:?]
	at io.ktor.server.netty.NettyApplicationEngine.getConnectionEventGroup(NettyApplicationEngine.kt:118) ~[server.jar:?]
	at io.ktor.server.netty.NettyApplicationEngine.createBootstrap(NettyApplicationEngine.kt:174) ~[server.jar:?]
	at io.ktor.server.netty.NettyApplicationEngine.access$createBootstrap(NettyApplicationEngine.kt:30) ~[server.jar:?]
	at io.ktor.server.netty.NettyApplicationEngine$bootstraps$2.invoke(NettyApplicationEngine.kt:163) ~[server.jar:?]
	at io.ktor.server.netty.NettyApplicationEngine$bootstraps$2.invoke(NettyApplicationEngine.kt:162) ~[server.jar:?]
	at kotlin.SynchronizedLazyImpl.getValue(LazyJVM.kt:74) ~[server.jar:?]
	at io.ktor.server.netty.NettyApplicationEngine.getBootstraps$ktor_server_netty(NettyApplicationEngine.kt:162) ~[server.jar:?]
	at io.ktor.server.netty.NettyApplicationEngine.start(NettyApplicationEngine.kt:219) ~[server.jar:?]
	at top.e404.skin.server.App.main(app.kt:61) ~[server.jar:?]
	at top.e404.skin.server.App$main$1.invokeSuspend(app.kt) ~[server.jar:?]
	at kotlin.coroutines.jvm.internal.BaseContinuationImpl.resumeWith(ContinuationImpl.kt:33) ~[server.jar:?]
	at kotlinx.coroutines.internal.DispatchedContinuationKt.resumeCancellableWith(DispatchedContinuation.kt:283) ~[server.jar:?]
	at kotlinx.coroutines.internal.DispatchedContinuationKt.resumeCancellableWith$default(DispatchedContinuation.kt:278) ~[server.jar:?]
	at kotlinx.coroutines.DispatchedCoroutine.afterResume(Builders.common.kt:261) ~[server.jar:?]
	at kotlinx.coroutines.AbstractCoroutine.resumeWith(AbstractCoroutine.kt:102) ~[server.jar:?]
	at kotlin.coroutines.jvm.internal.BaseContinuationImpl.resumeWith(ContinuationImpl.kt:46) ~[server.jar:?]
	at kotlinx.coroutines.DispatchedTask.run(DispatchedTask.kt:108) ~[server.jar:?]
	at kotlinx.coroutines.internal.LimitedDispatcher$Worker.run(LimitedDispatcher.kt:115) ~[server.jar:?]
	at kotlinx.coroutines.scheduling.TaskImpl.run(Tasks.kt:103) ~[server.jar:?]
	at kotlinx.coroutines.scheduling.CoroutineScheduler.runSafely(CoroutineScheduler.kt:584) ~[server.jar:?]
	at kotlinx.coroutines.scheduling.CoroutineScheduler$Worker.executeTask(CoroutineScheduler.kt:800) ~[server.jar:?]
	at kotlinx.coroutines.scheduling.CoroutineScheduler$Worker.runWorker(CoroutineScheduler.kt:704) ~[server.jar:?]
	at kotlinx.coroutines.scheduling.CoroutineScheduler$Worker.run(CoroutineScheduler.kt:691) ~[server.jar:?]
[20:56:06.998] [io.netty.util.internal.PlatformDependent0/DEBUG] java.nio.Bits.unaligned: available, true
[20:56:06.998] [io.netty.util.internal.PlatformDependent0/DEBUG] jdk.internal.misc.Unsafe.allocateUninitializedArray(int): unavailable
java.lang.IllegalAccessException: class io.netty.util.internal.PlatformDependent0$7 cannot access class jdk.internal.misc.Unsafe (in module java.base) because module java.base does not export jdk.internal.misc to unnamed module @45afc369
	at jdk.internal.reflect.Reflection.newIllegalAccessException(Reflection.java:394) ~[?:?]
	at java.lang.reflect.AccessibleObject.checkAccess(AccessibleObject.java:714) ~[?:?]
	at java.lang.reflect.Method.invoke(Method.java:571) ~[?:?]
	at io.netty.util.internal.PlatformDependent0$7.run(PlatformDependent0.java:429) ~[server.jar:?]
	at java.security.AccessController.doPrivileged(AccessController.java:319) ~[?:?]
	at io.netty.util.internal.PlatformDependent0.<clinit>(PlatformDependent0.java:420) ~[server.jar:?]
	at io.netty.util.internal.PlatformDependent.isAndroid(PlatformDependent.java:331) ~[server.jar:?]
	at io.netty.util.internal.PlatformDependent.<clinit>(PlatformDependent.java:86) ~[server.jar:?]
	at io.netty.util.internal.ClassInitializerUtil.tryLoadClasses(ClassInitializerUtil.java:32) ~[server.jar:?]
	at io.netty.channel.kqueue.Native.<clinit>(Native.java:65) ~[server.jar:?]
	at io.netty.channel.kqueue.KQueue.<clinit>(KQueue.java:38) ~[server.jar:?]
	at io.ktor.server.netty.NettyApplicationEngineKt.getChannelClass(NettyApplicationEngine.kt:328) ~[server.jar:?]
	at io.ktor.server.netty.NettyApplicationEngineKt.access$getChannelClass(NettyApplicationEngine.kt:1) ~[server.jar:?]
	at io.ktor.server.netty.EventLoopGroupProxy$Companion.create(NettyApplicationEngine.kt:300) ~[server.jar:?]
	at io.ktor.server.netty.NettyApplicationEngine$connectionEventGroup$2.invoke(NettyApplicationEngine.kt:119) ~[server.jar:?]
	at io.ktor.server.netty.NettyApplicationEngine$connectionEventGroup$2.invoke(NettyApplicationEngine.kt:118) ~[server.jar:?]
	at kotlin.SynchronizedLazyImpl.getValue(LazyJVM.kt:74) ~[server.jar:?]
	at io.ktor.server.netty.NettyApplicationEngine.getConnectionEventGroup(NettyApplicationEngine.kt:118) ~[server.jar:?]
	at io.ktor.server.netty.NettyApplicationEngine.createBootstrap(NettyApplicationEngine.kt:174) ~[server.jar:?]
	at io.ktor.server.netty.NettyApplicationEngine.access$createBootstrap(NettyApplicationEngine.kt:30) ~[server.jar:?]
	at io.ktor.server.netty.NettyApplicationEngine$bootstraps$2.invoke(NettyApplicationEngine.kt:163) ~[server.jar:?]
	at io.ktor.server.netty.NettyApplicationEngine$bootstraps$2.invoke(NettyApplicationEngine.kt:162) ~[server.jar:?]
	at kotlin.SynchronizedLazyImpl.getValue(LazyJVM.kt:74) ~[server.jar:?]
	at io.ktor.server.netty.NettyApplicationEngine.getBootstraps$ktor_server_netty(NettyApplicationEngine.kt:162) ~[server.jar:?]
	at io.ktor.server.netty.NettyApplicationEngine.start(NettyApplicationEngine.kt:219) ~[server.jar:?]
	at top.e404.skin.server.App.main(app.kt:61) ~[server.jar:?]
	at top.e404.skin.server.App$main$1.invokeSuspend(app.kt) ~[server.jar:?]
	at kotlin.coroutines.jvm.internal.BaseContinuationImpl.resumeWith(ContinuationImpl.kt:33) ~[server.jar:?]
	at kotlinx.coroutines.internal.DispatchedContinuationKt.resumeCancellableWith(DispatchedContinuation.kt:283) ~[server.jar:?]
	at kotlinx.coroutines.internal.DispatchedContinuationKt.resumeCancellableWith$default(DispatchedContinuation.kt:278) ~[server.jar:?]
	at kotlinx.coroutines.DispatchedCoroutine.afterResume(Builders.common.kt:261) ~[server.jar:?]
	at kotlinx.coroutines.AbstractCoroutine.resumeWith(AbstractCoroutine.kt:102) ~[server.jar:?]
	at kotlin.coroutines.jvm.internal.BaseContinuationImpl.resumeWith(ContinuationImpl.kt:46) ~[server.jar:?]
	at kotlinx.coroutines.DispatchedTask.run(DispatchedTask.kt:108) ~[server.jar:?]
	at kotlinx.coroutines.internal.LimitedDispatcher$Worker.run(LimitedDispatcher.kt:115) ~[server.jar:?]
	at kotlinx.coroutines.scheduling.TaskImpl.run(Tasks.kt:103) ~[server.jar:?]
	at kotlinx.coroutines.scheduling.CoroutineScheduler.runSafely(CoroutineScheduler.kt:584) ~[server.jar:?]
	at kotlinx.coroutines.scheduling.CoroutineScheduler$Worker.executeTask(CoroutineScheduler.kt:800) ~[server.jar:?]
	at kotlinx.coroutines.scheduling.CoroutineScheduler$Worker.runWorker(CoroutineScheduler.kt:704) ~[server.jar:?]
	at kotlinx.coroutines.scheduling.CoroutineScheduler$Worker.run(CoroutineScheduler.kt:691) ~[server.jar:?]
[20:56:07.000] [io.netty.util.internal.PlatformDependent0/DEBUG] java.nio.DirectByteBuffer.<init>(long, {int,long}): unavailable
[20:56:07.000] [io.netty.util.internal.PlatformDependent/DEBUG] sun.misc.Unsafe: available
[20:56:07.000] [io.netty.util.internal.PlatformDependent/DEBUG] -Dio.netty.tmpdir: C:\Users\10173\AppData\Local\Temp (java.io.tmpdir)
[20:56:07.000] [io.netty.util.internal.PlatformDependent/DEBUG] -Dio.netty.bitMode: 64 (sun.arch.data.model)
[20:56:07.000] [io.netty.util.internal.PlatformDependent/DEBUG] Platform: Windows
[20:56:07.002] [io.netty.util.internal.PlatformDependent/DEBUG] -Dio.netty.maxDirectMemory: -1 bytes
[20:56:07.003] [io.netty.util.internal.PlatformDependent/DEBUG] -Dio.netty.uninitializedArrayAllocationThreshold: -1
[20:56:07.004] [io.netty.util.internal.CleanerJava9/DEBUG] java.nio.ByteBuffer.cleaner(): available
[20:56:07.004] [io.netty.util.internal.PlatformDependent/DEBUG] -Dio.netty.noPreferDirect: false
[20:56:07.044] [io.netty.channel.MultithreadEventLoopGroup/DEBUG] -Dio.netty.eventLoopThreads: 64
[20:56:07.047] [io.netty.util.concurrent.GlobalEventExecutor/DEBUG] -Dio.netty.globalEventExecutor.quietPeriodSeconds: 1
[20:56:07.049] [io.netty.util.internal.InternalThreadLocalMap/DEBUG] -Dio.netty.threadLocalMap.stringBuilder.initialSize: 1024
[20:56:07.049] [io.netty.util.internal.InternalThreadLocalMap/DEBUG] -Dio.netty.threadLocalMap.stringBuilder.maxSize: 4096
[20:56:07.051] [io.netty.channel.nio.NioEventLoop/DEBUG] -Dio.netty.noKeySetOptimization: false
[20:56:07.051] [io.netty.channel.nio.NioEventLoop/DEBUG] -Dio.netty.selectorAutoRebuildThreshold: 512
[20:56:07.054] [io.netty.util.internal.PlatformDependent/DEBUG] org.jctools-core.MpscChunkedArrayQueue: available
[20:56:07.056] [io.netty.channel.nio.NioEventLoop/TRACE] instrumented a special java.util.Set into: sun.nio.ch.WEPollSelectorImpl@40de55c3
[20:56:07.058] [io.netty.channel.nio.NioEventLoop/TRACE] instrumented a special java.util.Set into: sun.nio.ch.WEPollSelectorImpl@62205382
[20:56:07.058] [io.netty.channel.nio.NioEventLoop/TRACE] instrumented a special java.util.Set into: sun.nio.ch.WEPollSelectorImpl@76a1efcd
[20:56:07.059] [io.netty.channel.nio.NioEventLoop/TRACE] instrumented a special java.util.Set into: sun.nio.ch.WEPollSelectorImpl@7589e9f4
[20:56:07.061] [io.netty.channel.nio.NioEventLoop/TRACE] instrumented a special java.util.Set into: sun.nio.ch.WEPollSelectorImpl@5521a0fc
[20:56:07.061] [io.netty.channel.nio.NioEventLoop/TRACE] instrumented a special java.util.Set into: sun.nio.ch.WEPollSelectorImpl@357d4599
[20:56:07.062] [io.netty.channel.nio.NioEventLoop/TRACE] instrumented a special java.util.Set into: sun.nio.ch.WEPollSelectorImpl@4cdb1b7c
[20:56:07.063] [io.netty.channel.nio.NioEventLoop/TRACE] instrumented a special java.util.Set into: sun.nio.ch.WEPollSelectorImpl@76a79d5a
[20:56:07.064] [io.netty.channel.nio.NioEventLoop/TRACE] instrumented a special java.util.Set into: sun.nio.ch.WEPollSelectorImpl@2e59e532
[20:56:07.065] [io.netty.channel.nio.NioEventLoop/TRACE] instrumented a special java.util.Set into: sun.nio.ch.WEPollSelectorImpl@71d73ced
[20:56:07.066] [io.netty.channel.nio.NioEventLoop/TRACE] instrumented a special java.util.Set into: sun.nio.ch.WEPollSelectorImpl@6543d950
[20:56:07.066] [io.netty.channel.nio.NioEventLoop/TRACE] instrumented a special java.util.Set into: sun.nio.ch.WEPollSelectorImpl@2fc4d5ef
[20:56:07.067] [io.netty.channel.nio.NioEventLoop/TRACE] instrumented a special java.util.Set into: sun.nio.ch.WEPollSelectorImpl@4e55c550
[20:56:07.068] [io.netty.channel.nio.NioEventLoop/TRACE] instrumented a special java.util.Set into: sun.nio.ch.WEPollSelectorImpl@62da823
[20:56:07.068] [io.netty.channel.nio.NioEventLoop/TRACE] instrumented a special java.util.Set into: sun.nio.ch.WEPollSelectorImpl@7ddf78ef
[20:56:07.070] [io.netty.channel.nio.NioEventLoop/TRACE] instrumented a special java.util.Set into: sun.nio.ch.WEPollSelectorImpl@743db116
[20:56:07.071] [io.netty.channel.nio.NioEventLoop/TRACE] instrumented a special java.util.Set into: sun.nio.ch.WEPollSelectorImpl@14a29584
[20:56:07.072] [io.netty.channel.nio.NioEventLoop/TRACE] instrumented a special java.util.Set into: sun.nio.ch.WEPollSelectorImpl@7eac0d3c
[20:56:07.073] [io.netty.channel.nio.NioEventLoop/TRACE] instrumented a special java.util.Set into: sun.nio.ch.WEPollSelectorImpl@18f6a12d
[20:56:07.073] [io.netty.channel.nio.NioEventLoop/TRACE] instrumented a special java.util.Set into: sun.nio.ch.WEPollSelectorImpl@1a8c0f51
[20:56:07.074] [io.netty.channel.nio.NioEventLoop/TRACE] instrumented a special java.util.Set into: sun.nio.ch.WEPollSelectorImpl@9e11185
[20:56:07.075] [io.netty.channel.nio.NioEventLoop/TRACE] instrumented a special java.util.Set into: sun.nio.ch.WEPollSelectorImpl@17ba2868
[20:56:07.076] [io.netty.channel.nio.NioEventLoop/TRACE] instrumented a special java.util.Set into: sun.nio.ch.WEPollSelectorImpl@3a681c7b
[20:56:07.077] [io.netty.channel.nio.NioEventLoop/TRACE] instrumented a special java.util.Set into: sun.nio.ch.WEPollSelectorImpl@40e46ae0
[20:56:07.078] [io.netty.channel.nio.NioEventLoop/TRACE] instrumented a special java.util.Set into: sun.nio.ch.WEPollSelectorImpl@41083640
[20:56:07.079] [io.netty.channel.nio.NioEventLoop/TRACE] instrumented a special java.util.Set into: sun.nio.ch.WEPollSelectorImpl@737bf61
[20:56:07.080] [io.netty.channel.nio.NioEventLoop/TRACE] instrumented a special java.util.Set into: sun.nio.ch.WEPollSelectorImpl@7dc6f038
[20:56:07.080] [io.netty.channel.nio.NioEventLoop/TRACE] instrumented a special java.util.Set into: sun.nio.ch.WEPollSelectorImpl@1e16260a
[20:56:07.081] [io.netty.channel.nio.NioEventLoop/TRACE] instrumented a special java.util.Set into: sun.nio.ch.WEPollSelectorImpl@1e2ca9be
[20:56:07.082] [io.netty.channel.nio.NioEventLoop/TRACE] instrumented a special java.util.Set into: sun.nio.ch.WEPollSelectorImpl@245ac1ad
[20:56:07.083] [io.netty.channel.nio.NioEventLoop/TRACE] instrumented a special java.util.Set into: sun.nio.ch.WEPollSelectorImpl@6e57b22e
[20:56:07.084] [io.netty.channel.nio.NioEventLoop/TRACE] instrumented a special java.util.Set into: sun.nio.ch.WEPollSelectorImpl@41deef98
[20:56:07.084] [io.netty.channel.nio.NioEventLoop/TRACE] instrumented a special java.util.Set into: sun.nio.ch.WEPollSelectorImpl@3a44cf44
[20:56:07.085] [io.netty.channel.nio.NioEventLoop/TRACE] instrumented a special java.util.Set into: sun.nio.ch.WEPollSelectorImpl@48e13608
[20:56:07.088] [io.netty.channel.nio.NioEventLoop/TRACE] instrumented a special java.util.Set into: sun.nio.ch.WEPollSelectorImpl@1d4f19c4
[20:56:07.089] [io.netty.channel.nio.NioEventLoop/TRACE] instrumented a special java.util.Set into: sun.nio.ch.WEPollSelectorImpl@501cf0cf
[20:56:07.090] [io.netty.channel.nio.NioEventLoop/TRACE] instrumented a special java.util.Set into: sun.nio.ch.WEPollSelectorImpl@4415c333
[20:56:07.090] [io.netty.channel.nio.NioEventLoop/TRACE] instrumented a special java.util.Set into: sun.nio.ch.WEPollSelectorImpl@5ef51b1d
[20:56:07.091] [io.netty.channel.nio.NioEventLoop/TRACE] instrumented a special java.util.Set into: sun.nio.ch.WEPollSelectorImpl@3b11b83e
[20:56:07.092] [io.netty.channel.nio.NioEventLoop/TRACE] instrumented a special java.util.Set into: sun.nio.ch.WEPollSelectorImpl@c3cbd1b
[20:56:07.093] [io.netty.channel.nio.NioEventLoop/TRACE] instrumented a special java.util.Set into: sun.nio.ch.WEPollSelectorImpl@66daebf4
[20:56:07.094] [io.netty.channel.nio.NioEventLoop/TRACE] instrumented a special java.util.Set into: sun.nio.ch.WEPollSelectorImpl@108129c1
[20:56:07.094] [io.netty.channel.nio.NioEventLoop/TRACE] instrumented a special java.util.Set into: sun.nio.ch.WEPollSelectorImpl@2667a3a7
[20:56:07.095] [io.netty.channel.nio.NioEventLoop/TRACE] instrumented a special java.util.Set into: sun.nio.ch.WEPollSelectorImpl@4f5a0615
[20:56:07.096] [io.netty.channel.nio.NioEventLoop/TRACE] instrumented a special java.util.Set into: sun.nio.ch.WEPollSelectorImpl@7eeec141
[20:56:07.096] [io.netty.channel.nio.NioEventLoop/TRACE] instrumented a special java.util.Set into: sun.nio.ch.WEPollSelectorImpl@67b8207c
[20:56:07.097] [io.netty.channel.nio.NioEventLoop/TRACE] instrumented a special java.util.Set into: sun.nio.ch.WEPollSelectorImpl@7c59ddb7
[20:56:07.098] [io.netty.channel.nio.NioEventLoop/TRACE] instrumented a special java.util.Set into: sun.nio.ch.WEPollSelectorImpl@63ac1687
[20:56:07.099] [io.netty.channel.nio.NioEventLoop/TRACE] instrumented a special java.util.Set into: sun.nio.ch.WEPollSelectorImpl@6b40277a
[20:56:07.101] [io.netty.channel.nio.NioEventLoop/TRACE] instrumented a special java.util.Set into: sun.nio.ch.WEPollSelectorImpl@4ddd41ae
[20:56:07.102] [io.netty.channel.nio.NioEventLoop/TRACE] instrumented a special java.util.Set into: sun.nio.ch.WEPollSelectorImpl@7fdb89c7
[20:56:07.103] [io.netty.channel.nio.NioEventLoop/TRACE] instrumented a special java.util.Set into: sun.nio.ch.WEPollSelectorImpl@7c40b095
[20:56:07.103] [io.netty.channel.nio.NioEventLoop/TRACE] instrumented a special java.util.Set into: sun.nio.ch.WEPollSelectorImpl@16d12390
[20:56:07.104] [io.netty.channel.nio.NioEventLoop/TRACE] instrumented a special java.util.Set into: sun.nio.ch.WEPollSelectorImpl@3126c0d5
[20:56:07.105] [io.netty.channel.nio.NioEventLoop/TRACE] instrumented a special java.util.Set into: sun.nio.ch.WEPollSelectorImpl@1210e287
[20:56:07.105] [io.netty.channel.nio.NioEventLoop/TRACE] instrumented a special java.util.Set into: sun.nio.ch.WEPollSelectorImpl@6b2d2c48
[20:56:07.106] [io.netty.channel.nio.NioEventLoop/TRACE] instrumented a special java.util.Set into: sun.nio.ch.WEPollSelectorImpl@747f4f1e
[20:56:07.107] [io.netty.channel.nio.NioEventLoop/TRACE] instrumented a special java.util.Set into: sun.nio.ch.WEPollSelectorImpl@7358192c
[20:56:07.107] [io.netty.channel.nio.NioEventLoop/TRACE] instrumented a special java.util.Set into: sun.nio.ch.WEPollSelectorImpl@6649d91a
[20:56:07.108] [io.netty.channel.nio.NioEventLoop/TRACE] instrumented a special java.util.Set into: sun.nio.ch.WEPollSelectorImpl@6404e6f7
[20:56:07.109] [io.netty.channel.nio.NioEventLoop/TRACE] instrumented a special java.util.Set into: sun.nio.ch.WEPollSelectorImpl@6a0d42d6
[20:56:07.110] [io.netty.channel.nio.NioEventLoop/TRACE] instrumented a special java.util.Set into: sun.nio.ch.WEPollSelectorImpl@59afb7c2
[20:56:07.110] [io.netty.channel.nio.NioEventLoop/TRACE] instrumented a special java.util.Set into: sun.nio.ch.WEPollSelectorImpl@718624e4
[20:56:07.111] [io.netty.channel.nio.NioEventLoop/TRACE] instrumented a special java.util.Set into: sun.nio.ch.WEPollSelectorImpl@3276477d
[20:56:07.112] [io.netty.channel.nio.NioEventLoop/TRACE] instrumented a special java.util.Set into: sun.nio.ch.WEPollSelectorImpl@32edb817
[20:56:07.112] [io.netty.channel.nio.NioEventLoop/TRACE] instrumented a special java.util.Set into: sun.nio.ch.WEPollSelectorImpl@1658082f
[20:56:07.117] [io.netty.channel.DefaultChannelId/DEBUG] -Dio.netty.processId: 38772 (auto-detected)
[20:56:07.118] [io.netty.util.NetUtil/DEBUG] -Djava.net.preferIPv4Stack: false
[20:56:07.118] [io.netty.util.NetUtil/DEBUG] -Djava.net.preferIPv6Addresses: false
[20:56:07.121] [io.netty.util.NetUtilInitializations/DEBUG] Loopback interface: loopback_0 (Software Loopback Interface 1, 0:0:0:0:0:0:0:1)
[20:56:07.121] [io.netty.util.NetUtil/DEBUG] Failed to get SOMAXCONN from sysctl and file \proc\sys\net\core\somaxconn. Default: 200
[20:56:07.123] [io.netty.channel.DefaultChannelId/DEBUG] -Dio.netty.machineId: 60:cf:84:ff:fe:5d:f2:de (auto-detected)
[20:56:07.127] [io.netty.util.ResourceLeakDetector/DEBUG] -Dio.netty.leakDetection.level: simple
[20:56:07.127] [io.netty.util.ResourceLeakDetector/DEBUG] -Dio.netty.leakDetection.targetRecords: 4
[20:56:07.137] [io.netty.buffer.PooledByteBufAllocator/DEBUG] -Dio.netty.allocator.numHeapArenas: 64
[20:56:07.137] [io.netty.buffer.PooledByteBufAllocator/DEBUG] -Dio.netty.allocator.numDirectArenas: 64
[20:56:07.137] [io.netty.buffer.PooledByteBufAllocator/DEBUG] -Dio.netty.allocator.pageSize: 8192
[20:56:07.137] [io.netty.buffer.PooledByteBufAllocator/DEBUG] -Dio.netty.allocator.maxOrder: 9
[20:56:07.137] [io.netty.buffer.PooledByteBufAllocator/DEBUG] -Dio.netty.allocator.chunkSize: 4194304
[20:56:07.138] [io.netty.buffer.PooledByteBufAllocator/DEBUG] -Dio.netty.allocator.smallCacheSize: 256
[20:56:07.138] [io.netty.buffer.PooledByteBufAllocator/DEBUG] -Dio.netty.allocator.normalCacheSize: 64
[20:56:07.138] [io.netty.buffer.PooledByteBufAllocator/DEBUG] -Dio.netty.allocator.maxCachedBufferCapacity: 32768
[20:56:07.138] [io.netty.buffer.PooledByteBufAllocator/DEBUG] -Dio.netty.allocator.cacheTrimInterval: 8192
[20:56:07.138] [io.netty.buffer.PooledByteBufAllocator/DEBUG] -Dio.netty.allocator.cacheTrimIntervalMillis: 0
[20:56:07.138] [io.netty.buffer.PooledByteBufAllocator/DEBUG] -Dio.netty.allocator.useCacheForAllThreads: false
[20:56:07.138] [io.netty.buffer.PooledByteBufAllocator/DEBUG] -Dio.netty.allocator.maxCachedByteBuffersPerChunk: 1023
[20:56:07.148] [io.netty.buffer.ByteBufUtil/DEBUG] -Dio.netty.allocator.type: pooled
[20:56:07.148] [io.netty.buffer.ByteBufUtil/DEBUG] -Dio.netty.threadLocalDirectBufferSize: 0
[20:56:07.148] [io.netty.buffer.ByteBufUtil/DEBUG] -Dio.netty.maxThreadLocalCharBufferSize: 16384
[20:56:07.150] [io.netty.bootstrap.ChannelInitializerExtensions/DEBUG] -Dio.netty.bootstrap.extensions: null
[20:56:07.165] [ktor.application/INFO ] Responding at http://127.0.0.1:2345
[20:56:36.501] [com.zaxxer.hikari.pool.HikariPool/DEBUG] HikariPool-1 - Pool stats (total=10, active=0, idle=10, waiting=0)
[20:56:36.501] [com.zaxxer.hikari.pool.HikariPool/DEBUG] HikariPool-1 - Fill pool skipped, pool has sufficient level or currently being filled (queueDepth=0).
[20:57:06.508] [com.zaxxer.hikari.pool.HikariPool/DEBUG] HikariPool-1 - Pool stats (total=10, active=0, idle=10, waiting=0)
[20:57:06.508] [com.zaxxer.hikari.pool.HikariPool/DEBUG] HikariPool-1 - Fill pool skipped, pool has sufficient level or currently being filled (queueDepth=0).
[20:57:36.512] [com.zaxxer.hikari.pool.HikariPool/DEBUG] HikariPool-1 - Pool stats (total=10, active=0, idle=10, waiting=0)
[20:57:36.512] [com.zaxxer.hikari.pool.HikariPool/DEBUG] HikariPool-1 - Fill pool skipped, pool has sufficient level or currently being filled (queueDepth=0).
[20:57:48.159] [io.netty.buffer.AbstractByteBuf/DEBUG] -Dio.netty.buffer.checkAccessible: true
[20:57:48.159] [io.netty.buffer.AbstractByteBuf/DEBUG] -Dio.netty.buffer.checkBounds: true
[20:57:48.160] [io.netty.util.ResourceLeakDetectorFactory/DEBUG] Loaded default ResourceLeakDetector: io.netty.util.ResourceLeakDetector@9c2e609
[20:57:48.186] [io.netty.util.Recycler/DEBUG] -Dio.netty.recycler.maxCapacityPerThread: 4096
[20:57:48.186] [io.netty.util.Recycler/DEBUG] -Dio.netty.recycler.ratio: 8
[20:57:48.186] [io.netty.util.Recycler/DEBUG] -Dio.netty.recycler.chunkSize: 32
[20:57:48.186] [io.netty.util.Recycler/DEBUG] -Dio.netty.recycler.blocking: false
[20:57:48.186] [io.netty.util.Recycler/DEBUG] -Dio.netty.recycler.batchFastThreadLocalOnly: true
[20:57:48.223] [io.ktor.routing.Routing/TRACE] Trace for [render, name, OFTS_CQM, homo]
/, segment:0 -> SUCCESS @ /
  /render, segment:1 -> SUCCESS @ /render
    /render/{type}, segment:2 -> SUCCESS; Parameters [type=[name]] @ /render/{type}
      /render/{type}/{content}, segment:3 -> SUCCESS; Parameters [content=[OFTS_CQM]] @ /render/{type}/{content}
        /render/{type}/{content}/{position}, segment:4 -> SUCCESS; Parameters [position=[homo]] @ /render/{type}/{content}/{position}
          /render/{type}/{content}/{position}/(method:GET), segment:4 -> SUCCESS @ /render/{type}/{content}/{position}/(method:GET)
  /refresh, segment:0 -> FAILURE "Selector didn't match" @ /refresh
  /data, segment:0 -> FAILURE "Selector didn't match" @ /data
  /face, segment:0 -> FAILURE "Selector didn't match" @ /face
Matched routes:
  "" -> "render" -> "{type}" -> "{content}" -> "{position}" -> "(method:GET)"
Route resolve result:
  SUCCESS; Parameters [type=[name], content=[OFTS_CQM], position=[homo]] @ /render/{type}/{content}/{position}/(method:GET)
[20:57:48.227] [org.apache.ibatis.transaction.jdbc.JdbcTransaction/DEBUG] Opening JDBC Connection
[20:57:48.227] [top.e404.skin.server.sql.mapper.SkinMapper.getByName/DEBUG] ==>  Preparing: SELECT uuid, name, slim, `update`, hash FROM `skin` WHERE name = ?
[20:57:48.229] [top.e404.skin.server.sql.mapper.SkinMapper.getByName/DEBUG] ==> Parameters: OFTS_CQM(String)
[20:57:48.241] [top.e404.skin.server.sql.mapper.SkinMapper.getByName/TRACE] <==    Columns: uuid, name, slim, update, hash
[20:57:48.241] [top.e404.skin.server.sql.mapper.SkinMapper.getByName/TRACE] <==        Row: abce627c54db4577a6830c8270705252, OFTS_CQM, 1, 1765493032741, 89ceac7dd7922230f61687918de93c45bc8418d00ca256e268db455eb9d3d322
[20:57:48.244] [top.e404.skin.server.sql.mapper.SkinMapper.getByName/DEBUG] <==      Total: 1
[20:57:48.247] [org.apache.ibatis.transaction.jdbc.JdbcTransaction/DEBUG] Closing JDBC Connection [HikariProxyConnection@1080898241 wrapping com.mysql.cj.jdbc.ConnectionImpl@56f1ed93]
[20:57:48.844] [io.ktor.server.plugins.contentnegotiation.ContentNegotiation/TRACE] Skipping because body is already converted.
[20:57:48.848] [ktor.application/INFO ] [200] [GET] /render/name/OFTS_CQM/homo okhttp/4.12.0
[20:57:52.205] [io.ktor.routing.Routing/TRACE] Trace for [render, name, Aayong, homo]
/, segment:0 -> SUCCESS @ /
  /render, segment:1 -> SUCCESS @ /render
    /render/{type}, segment:2 -> SUCCESS; Parameters [type=[name]] @ /render/{type}
      /render/{type}/{content}, segment:3 -> SUCCESS; Parameters [content=[Aayong]] @ /render/{type}/{content}
        /render/{type}/{content}/{position}, segment:4 -> SUCCESS; Parameters [position=[homo]] @ /render/{type}/{content}/{position}
          /render/{type}/{content}/{position}/(method:GET), segment:4 -> SUCCESS @ /render/{type}/{content}/{position}/(method:GET)
  /refresh, segment:0 -> FAILURE "Selector didn't match" @ /refresh
  /data, segment:0 -> FAILURE "Selector didn't match" @ /data
  /face, segment:0 -> FAILURE "Selector didn't match" @ /face
Matched routes:
  "" -> "render" -> "{type}" -> "{content}" -> "{position}" -> "(method:GET)"
Route resolve result:
  SUCCESS; Parameters [type=[name], content=[Aayong], position=[homo]] @ /render/{type}/{content}/{position}/(method:GET)
[20:57:52.205] [org.apache.ibatis.transaction.jdbc.JdbcTransaction/DEBUG] Opening JDBC Connection
[20:57:52.206] [top.e404.skin.server.sql.mapper.SkinMapper.getByName/DEBUG] ==>  Preparing: SELECT uuid, name, slim, `update`, hash FROM `skin` WHERE name = ?
[20:57:52.206] [top.e404.skin.server.sql.mapper.SkinMapper.getByName/DEBUG] ==> Parameters: Aayong(String)
[20:57:52.207] [top.e404.skin.server.sql.mapper.SkinMapper.getByName/TRACE] <==    Columns: uuid, name, slim, update, hash
[20:57:52.207] [top.e404.skin.server.sql.mapper.SkinMapper.getByName/TRACE] <==        Row: a430252e63104405ab1c262eab6ed890, Aayong, 0, 1765726990733, ba6d75a46dbaf19d5259441413f4c7e94614cf489577f495bceafc4d046e9ef3
[20:57:52.207] [top.e404.skin.server.sql.mapper.SkinMapper.getByName/DEBUG] <==      Total: 1
[20:57:52.207] [org.apache.ibatis.transaction.jdbc.JdbcTransaction/DEBUG] Closing JDBC Connection [HikariProxyConnection@1300696244 wrapping com.mysql.cj.jdbc.ConnectionImpl@56f1ed93]
[20:57:52.521] [io.ktor.server.plugins.contentnegotiation.ContentNegotiation/TRACE] Skipping because body is already converted.
[20:57:52.521] [ktor.application/INFO ] [200] [GET] /render/name/Aayong/homo okhttp/4.12.0
[20:57:58.234] [io.ktor.routing.Routing/TRACE] Trace for [render, name, Aayong, homo]
/, segment:0 -> SUCCESS @ /
  /render, segment:1 -> SUCCESS @ /render
    /render/{type}, segment:2 -> SUCCESS; Parameters [type=[name]] @ /render/{type}
      /render/{type}/{content}, segment:3 -> SUCCESS; Parameters [content=[Aayong]] @ /render/{type}/{content}
        /render/{type}/{content}/{position}, segment:4 -> SUCCESS; Parameters [position=[homo]] @ /render/{type}/{content}/{position}
          /render/{type}/{content}/{position}/(method:GET), segment:4 -> SUCCESS @ /render/{type}/{content}/{position}/(method:GET)
  /refresh, segment:0 -> FAILURE "Selector didn't match" @ /refresh
  /data, segment:0 -> FAILURE "Selector didn't match" @ /data
  /face, segment:0 -> FAILURE "Selector didn't match" @ /face
Matched routes:
  "" -> "render" -> "{type}" -> "{content}" -> "{position}" -> "(method:GET)"
Route resolve result:
  SUCCESS; Parameters [type=[name], content=[Aayong], position=[homo]] @ /render/{type}/{content}/{position}/(method:GET)
[20:57:58.235] [org.apache.ibatis.transaction.jdbc.JdbcTransaction/DEBUG] Opening JDBC Connection
[20:57:58.236] [top.e404.skin.server.sql.mapper.SkinMapper.getByName/DEBUG] ==>  Preparing: SELECT uuid, name, slim, `update`, hash FROM `skin` WHERE name = ?
[20:57:58.236] [top.e404.skin.server.sql.mapper.SkinMapper.getByName/DEBUG] ==> Parameters: Aayong(String)
[20:57:58.238] [top.e404.skin.server.sql.mapper.SkinMapper.getByName/TRACE] <==    Columns: uuid, name, slim, update, hash
[20:57:58.238] [top.e404.skin.server.sql.mapper.SkinMapper.getByName/TRACE] <==        Row: a430252e63104405ab1c262eab6ed890, Aayong, 0, 1765726990733, ba6d75a46dbaf19d5259441413f4c7e94614cf489577f495bceafc4d046e9ef3
[20:57:58.238] [top.e404.skin.server.sql.mapper.SkinMapper.getByName/DEBUG] <==      Total: 1
[20:57:58.238] [org.apache.ibatis.transaction.jdbc.JdbcTransaction/DEBUG] Closing JDBC Connection [HikariProxyConnection@94545764 wrapping com.mysql.cj.jdbc.ConnectionImpl@56f1ed93]
[20:57:58.439] [io.ktor.server.plugins.contentnegotiation.ContentNegotiation/TRACE] Skipping because body is already converted.
[20:57:58.440] [ktor.application/INFO ] [200] [GET] /render/name/Aayong/homo okhttp/4.12.0
[20:58:05.351] [io.ktor.routing.Routing/TRACE] Trace for [render, name, Aayong, homo]
/, segment:0 -> SUCCESS @ /
  /render, segment:1 -> SUCCESS @ /render
    /render/{type}, segment:2 -> SUCCESS; Parameters [type=[name]] @ /render/{type}
      /render/{type}/{content}, segment:3 -> SUCCESS; Parameters [content=[Aayong]] @ /render/{type}/{content}
        /render/{type}/{content}/{position}, segment:4 -> SUCCESS; Parameters [position=[homo]] @ /render/{type}/{content}/{position}
          /render/{type}/{content}/{position}/(method:GET), segment:4 -> SUCCESS @ /render/{type}/{content}/{position}/(method:GET)
  /refresh, segment:0 -> FAILURE "Selector didn't match" @ /refresh
  /data, segment:0 -> FAILURE "Selector didn't match" @ /data
  /face, segment:0 -> FAILURE "Selector didn't match" @ /face
Matched routes:
  "" -> "render" -> "{type}" -> "{content}" -> "{position}" -> "(method:GET)"
Route resolve result:
  SUCCESS; Parameters [type=[name], content=[Aayong], position=[homo]] @ /render/{type}/{content}/{position}/(method:GET)
[20:58:05.351] [org.apache.ibatis.transaction.jdbc.JdbcTransaction/DEBUG] Opening JDBC Connection
[20:58:05.352] [top.e404.skin.server.sql.mapper.SkinMapper.getByName/DEBUG] ==>  Preparing: SELECT uuid, name, slim, `update`, hash FROM `skin` WHERE name = ?
[20:58:05.352] [top.e404.skin.server.sql.mapper.SkinMapper.getByName/DEBUG] ==> Parameters: Aayong(String)
[20:58:05.353] [top.e404.skin.server.sql.mapper.SkinMapper.getByName/TRACE] <==    Columns: uuid, name, slim, update, hash
[20:58:05.353] [top.e404.skin.server.sql.mapper.SkinMapper.getByName/TRACE] <==        Row: a430252e63104405ab1c262eab6ed890, Aayong, 0, 1765726990733, ba6d75a46dbaf19d5259441413f4c7e94614cf489577f495bceafc4d046e9ef3
[20:58:05.354] [top.e404.skin.server.sql.mapper.SkinMapper.getByName/DEBUG] <==      Total: 1
[20:58:05.354] [org.apache.ibatis.transaction.jdbc.JdbcTransaction/DEBUG] Closing JDBC Connection [HikariProxyConnection@1050793356 wrapping com.mysql.cj.jdbc.ConnectionImpl@56f1ed93]
[20:58:05.553] [io.ktor.server.plugins.contentnegotiation.ContentNegotiation/TRACE] Skipping because body is already converted.
[20:58:05.554] [ktor.application/INFO ] [200] [GET] /render/name/Aayong/homo okhttp/4.12.0
[20:58:06.517] [com.zaxxer.hikari.pool.HikariPool/DEBUG] HikariPool-1 - Pool stats (total=10, active=0, idle=10, waiting=0)
[20:58:06.517] [com.zaxxer.hikari.pool.HikariPool/DEBUG] HikariPool-1 - Fill pool skipped, pool has sufficient level or currently being filled (queueDepth=0).
[20:58:10.158] [io.ktor.routing.Routing/TRACE] Trace for [render, name, Aayong, homo]
/, segment:0 -> SUCCESS @ /
  /render, segment:1 -> SUCCESS @ /render
    /render/{type}, segment:2 -> SUCCESS; Parameters [type=[name]] @ /render/{type}
      /render/{type}/{content}, segment:3 -> SUCCESS; Parameters [content=[Aayong]] @ /render/{type}/{content}
        /render/{type}/{content}/{position}, segment:4 -> SUCCESS; Parameters [position=[homo]] @ /render/{type}/{content}/{position}
          /render/{type}/{content}/{position}/(method:GET), segment:4 -> SUCCESS @ /render/{type}/{content}/{position}/(method:GET)
  /refresh, segment:0 -> FAILURE "Selector didn't match" @ /refresh
  /data, segment:0 -> FAILURE "Selector didn't match" @ /data
  /face, segment:0 -> FAILURE "Selector didn't match" @ /face
Matched routes:
  "" -> "render" -> "{type}" -> "{content}" -> "{position}" -> "(method:GET)"
Route resolve result:
  SUCCESS; Parameters [type=[name], content=[Aayong], position=[homo]] @ /render/{type}/{content}/{position}/(method:GET)
[20:58:10.158] [org.apache.ibatis.transaction.jdbc.JdbcTransaction/DEBUG] Opening JDBC Connection
[20:58:10.158] [top.e404.skin.server.sql.mapper.SkinMapper.getByName/DEBUG] ==>  Preparing: SELECT uuid, name, slim, `update`, hash FROM `skin` WHERE name = ?
[20:58:10.160] [top.e404.skin.server.sql.mapper.SkinMapper.getByName/DEBUG] ==> Parameters: Aayong(String)
[20:58:10.161] [top.e404.skin.server.sql.mapper.SkinMapper.getByName/TRACE] <==    Columns: uuid, name, slim, update, hash
[20:58:10.161] [top.e404.skin.server.sql.mapper.SkinMapper.getByName/TRACE] <==        Row: a430252e63104405ab1c262eab6ed890, Aayong, 0, 1765726990733, ba6d75a46dbaf19d5259441413f4c7e94614cf489577f495bceafc4d046e9ef3
[20:58:10.162] [top.e404.skin.server.sql.mapper.SkinMapper.getByName/DEBUG] <==      Total: 1
[20:58:10.162] [org.apache.ibatis.transaction.jdbc.JdbcTransaction/DEBUG] Closing JDBC Connection [HikariProxyConnection@1031347628 wrapping com.mysql.cj.jdbc.ConnectionImpl@56f1ed93]
[20:58:10.374] [io.ktor.server.plugins.contentnegotiation.ContentNegotiation/TRACE] Skipping because body is already converted.
[20:58:10.374] [ktor.application/INFO ] [200] [GET] /render/name/Aayong/homo okhttp/4.12.0
[20:58:14.150] [io.ktor.routing.Routing/TRACE] Trace for [render, name, Aayong, homo]
/, segment:0 -> SUCCESS @ /
  /render, segment:1 -> SUCCESS @ /render
    /render/{type}, segment:2 -> SUCCESS; Parameters [type=[name]] @ /render/{type}
      /render/{type}/{content}, segment:3 -> SUCCESS; Parameters [content=[Aayong]] @ /render/{type}/{content}
        /render/{type}/{content}/{position}, segment:4 -> SUCCESS; Parameters [position=[homo]] @ /render/{type}/{content}/{position}
          /render/{type}/{content}/{position}/(method:GET), segment:4 -> SUCCESS @ /render/{type}/{content}/{position}/(method:GET)
  /refresh, segment:0 -> FAILURE "Selector didn't match" @ /refresh
  /data, segment:0 -> FAILURE "Selector didn't match" @ /data
  /face, segment:0 -> FAILURE "Selector didn't match" @ /face
Matched routes:
  "" -> "render" -> "{type}" -> "{content}" -> "{position}" -> "(method:GET)"
Route resolve result:
  SUCCESS; Parameters [type=[name], content=[Aayong], position=[homo]] @ /render/{type}/{content}/{position}/(method:GET)
[20:58:14.150] [org.apache.ibatis.transaction.jdbc.JdbcTransaction/DEBUG] Opening JDBC Connection
[20:58:14.151] [top.e404.skin.server.sql.mapper.SkinMapper.getByName/DEBUG] ==>  Preparing: SELECT uuid, name, slim, `update`, hash FROM `skin` WHERE name = ?
[20:58:14.152] [top.e404.skin.server.sql.mapper.SkinMapper.getByName/DEBUG] ==> Parameters: Aayong(String)
[20:58:14.154] [top.e404.skin.server.sql.mapper.SkinMapper.getByName/TRACE] <==    Columns: uuid, name, slim, update, hash
[20:58:14.154] [top.e404.skin.server.sql.mapper.SkinMapper.getByName/TRACE] <==        Row: a430252e63104405ab1c262eab6ed890, Aayong, 0, 1765726990733, ba6d75a46dbaf19d5259441413f4c7e94614cf489577f495bceafc4d046e9ef3
[20:58:14.154] [top.e404.skin.server.sql.mapper.SkinMapper.getByName/DEBUG] <==      Total: 1
[20:58:14.155] [org.apache.ibatis.transaction.jdbc.JdbcTransaction/DEBUG] Closing JDBC Connection [HikariProxyConnection@1742344019 wrapping com.mysql.cj.jdbc.ConnectionImpl@56f1ed93]
[20:58:14.378] [io.ktor.server.plugins.contentnegotiation.ContentNegotiation/TRACE] Skipping because body is already converted.
[20:58:14.378] [ktor.application/INFO ] [200] [GET] /render/name/Aayong/homo okhttp/4.12.0
[20:58:22.923] [io.ktor.routing.Routing/TRACE] Trace for [render, name, Aayong, homo]
/, segment:0 -> SUCCESS @ /
  /render, segment:1 -> SUCCESS @ /render
    /render/{type}, segment:2 -> SUCCESS; Parameters [type=[name]] @ /render/{type}
      /render/{type}/{content}, segment:3 -> SUCCESS; Parameters [content=[Aayong]] @ /render/{type}/{content}
        /render/{type}/{content}/{position}, segment:4 -> SUCCESS; Parameters [position=[homo]] @ /render/{type}/{content}/{position}
          /render/{type}/{content}/{position}/(method:GET), segment:4 -> SUCCESS @ /render/{type}/{content}/{position}/(method:GET)
  /refresh, segment:0 -> FAILURE "Selector didn't match" @ /refresh
  /data, segment:0 -> FAILURE "Selector didn't match" @ /data
  /face, segment:0 -> FAILURE "Selector didn't match" @ /face
Matched routes:
  "" -> "render" -> "{type}" -> "{content}" -> "{position}" -> "(method:GET)"
Route resolve result:
  SUCCESS; Parameters [type=[name], content=[Aayong], position=[homo]] @ /render/{type}/{content}/{position}/(method:GET)
[20:58:22.923] [org.apache.ibatis.transaction.jdbc.JdbcTransaction/DEBUG] Opening JDBC Connection
[20:58:22.924] [top.e404.skin.server.sql.mapper.SkinMapper.getByName/DEBUG] ==>  Preparing: SELECT uuid, name, slim, `update`, hash FROM `skin` WHERE name = ?
[20:58:22.924] [top.e404.skin.server.sql.mapper.SkinMapper.getByName/DEBUG] ==> Parameters: Aayong(String)
[20:58:22.925] [top.e404.skin.server.sql.mapper.SkinMapper.getByName/TRACE] <==    Columns: uuid, name, slim, update, hash
[20:58:22.925] [top.e404.skin.server.sql.mapper.SkinMapper.getByName/TRACE] <==        Row: a430252e63104405ab1c262eab6ed890, Aayong, 0, 1765726990733, ba6d75a46dbaf19d5259441413f4c7e94614cf489577f495bceafc4d046e9ef3
[20:58:22.926] [top.e404.skin.server.sql.mapper.SkinMapper.getByName/DEBUG] <==      Total: 1
[20:58:22.926] [org.apache.ibatis.transaction.jdbc.JdbcTransaction/DEBUG] Closing JDBC Connection [HikariProxyConnection@1960421724 wrapping com.mysql.cj.jdbc.ConnectionImpl@56f1ed93]
[20:58:23.152] [io.ktor.server.plugins.contentnegotiation.ContentNegotiation/TRACE] Skipping because body is already converted.
[20:58:23.152] [ktor.application/INFO ] [200] [GET] /render/name/Aayong/homo okhttp/4.12.0
[20:58:33.432] [io.ktor.routing.Routing/TRACE] Trace for [render, name, Aayong, homo]
/, segment:0 -> SUCCESS @ /
  /render, segment:1 -> SUCCESS @ /render
    /render/{type}, segment:2 -> SUCCESS; Parameters [type=[name]] @ /render/{type}
      /render/{type}/{content}, segment:3 -> SUCCESS; Parameters [content=[Aayong]] @ /render/{type}/{content}
        /render/{type}/{content}/{position}, segment:4 -> SUCCESS; Parameters [position=[homo]] @ /render/{type}/{content}/{position}
          /render/{type}/{content}/{position}/(method:GET), segment:4 -> SUCCESS @ /render/{type}/{content}/{position}/(method:GET)
  /refresh, segment:0 -> FAILURE "Selector didn't match" @ /refresh
  /data, segment:0 -> FAILURE "Selector didn't match" @ /data
  /face, segment:0 -> FAILURE "Selector didn't match" @ /face
Matched routes:
  "" -> "render" -> "{type}" -> "{content}" -> "{position}" -> "(method:GET)"
Route resolve result:
  SUCCESS; Parameters [type=[name], content=[Aayong], position=[homo]] @ /render/{type}/{content}/{position}/(method:GET)
[20:58:33.432] [org.apache.ibatis.transaction.jdbc.JdbcTransaction/DEBUG] Opening JDBC Connection
[20:58:33.434] [top.e404.skin.server.sql.mapper.SkinMapper.getByName/DEBUG] ==>  Preparing: SELECT uuid, name, slim, `update`, hash FROM `skin` WHERE name = ?
[20:58:33.434] [top.e404.skin.server.sql.mapper.SkinMapper.getByName/DEBUG] ==> Parameters: Aayong(String)
[20:58:33.435] [top.e404.skin.server.sql.mapper.SkinMapper.getByName/TRACE] <==    Columns: uuid, name, slim, update, hash
[20:58:33.435] [top.e404.skin.server.sql.mapper.SkinMapper.getByName/TRACE] <==        Row: a430252e63104405ab1c262eab6ed890, Aayong, 0, 1765726990733, ba6d75a46dbaf19d5259441413f4c7e94614cf489577f495bceafc4d046e9ef3
[20:58:33.435] [top.e404.skin.server.sql.mapper.SkinMapper.getByName/DEBUG] <==      Total: 1
[20:58:33.435] [org.apache.ibatis.transaction.jdbc.JdbcTransaction/DEBUG] Closing JDBC Connection [HikariProxyConnection@106824165 wrapping com.mysql.cj.jdbc.ConnectionImpl@56f1ed93]
[20:58:33.656] [io.ktor.server.plugins.contentnegotiation.ContentNegotiation/TRACE] Skipping because body is already converted.
[20:58:33.657] [ktor.application/INFO ] [200] [GET] /render/name/Aayong/homo okhttp/4.12.0
[20:58:36.525] [com.zaxxer.hikari.pool.HikariPool/DEBUG] HikariPool-1 - Pool stats (total=10, active=0, idle=10, waiting=0)
[20:58:36.525] [com.zaxxer.hikari.pool.HikariPool/DEBUG] HikariPool-1 - Fill pool skipped, pool has sufficient level or currently being filled (queueDepth=0).
[20:58:37.272] [io.ktor.routing.Routing/TRACE] Trace for [render, name, Aayong, homo]
/, segment:0 -> SUCCESS @ /
  /render, segment:1 -> SUCCESS @ /render
    /render/{type}, segment:2 -> SUCCESS; Parameters [type=[name]] @ /render/{type}
      /render/{type}/{content}, segment:3 -> SUCCESS; Parameters [content=[Aayong]] @ /render/{type}/{content}
        /render/{type}/{content}/{position}, segment:4 -> SUCCESS; Parameters [position=[homo]] @ /render/{type}/{content}/{position}
          /render/{type}/{content}/{position}/(method:GET), segment:4 -> SUCCESS @ /render/{type}/{content}/{position}/(method:GET)
  /refresh, segment:0 -> FAILURE "Selector didn't match" @ /refresh
  /data, segment:0 -> FAILURE "Selector didn't match" @ /data
  /face, segment:0 -> FAILURE "Selector didn't match" @ /face
Matched routes:
  "" -> "render" -> "{type}" -> "{content}" -> "{position}" -> "(method:GET)"
Route resolve result:
  SUCCESS; Parameters [type=[name], content=[Aayong], position=[homo]] @ /render/{type}/{content}/{position}/(method:GET)
[20:58:37.272] [org.apache.ibatis.transaction.jdbc.JdbcTransaction/DEBUG] Opening JDBC Connection
[20:58:37.272] [top.e404.skin.server.sql.mapper.SkinMapper.getByName/DEBUG] ==>  Preparing: SELECT uuid, name, slim, `update`, hash FROM `skin` WHERE name = ?
[20:58:37.272] [top.e404.skin.server.sql.mapper.SkinMapper.getByName/DEBUG] ==> Parameters: Aayong(String)
[20:58:37.273] [top.e404.skin.server.sql.mapper.SkinMapper.getByName/TRACE] <==    Columns: uuid, name, slim, update, hash
[20:58:37.273] [top.e404.skin.server.sql.mapper.SkinMapper.getByName/TRACE] <==        Row: a430252e63104405ab1c262eab6ed890, Aayong, 0, 1765726990733, ba6d75a46dbaf19d5259441413f4c7e94614cf489577f495bceafc4d046e9ef3
[20:58:37.274] [top.e404.skin.server.sql.mapper.SkinMapper.getByName/DEBUG] <==      Total: 1
[20:58:37.274] [org.apache.ibatis.transaction.jdbc.JdbcTransaction/DEBUG] Closing JDBC Connection [HikariProxyConnection@1487354804 wrapping com.mysql.cj.jdbc.ConnectionImpl@56f1ed93]
[20:58:37.469] [io.ktor.server.plugins.contentnegotiation.ContentNegotiation/TRACE] Skipping because body is already converted.
[20:58:37.469] [ktor.application/INFO ] [200] [GET] /render/name/Aayong/homo okhttp/4.12.0
[20:58:41.166] [io.ktor.routing.Routing/TRACE] Trace for [render, name, Aayong, homo]
/, segment:0 -> SUCCESS @ /
  /render, segment:1 -> SUCCESS @ /render
    /render/{type}, segment:2 -> SUCCESS; Parameters [type=[name]] @ /render/{type}
      /render/{type}/{content}, segment:3 -> SUCCESS; Parameters [content=[Aayong]] @ /render/{type}/{content}
        /render/{type}/{content}/{position}, segment:4 -> SUCCESS; Parameters [position=[homo]] @ /render/{type}/{content}/{position}
          /render/{type}/{content}/{position}/(method:GET), segment:4 -> SUCCESS @ /render/{type}/{content}/{position}/(method:GET)
  /refresh, segment:0 -> FAILURE "Selector didn't match" @ /refresh
  /data, segment:0 -> FAILURE "Selector didn't match" @ /data
  /face, segment:0 -> FAILURE "Selector didn't match" @ /face
Matched routes:
  "" -> "render" -> "{type}" -> "{content}" -> "{position}" -> "(method:GET)"
Route resolve result:
  SUCCESS; Parameters [type=[name], content=[Aayong], position=[homo]] @ /render/{type}/{content}/{position}/(method:GET)
[20:58:41.167] [org.apache.ibatis.transaction.jdbc.JdbcTransaction/DEBUG] Opening JDBC Connection
[20:58:41.167] [top.e404.skin.server.sql.mapper.SkinMapper.getByName/DEBUG] ==>  Preparing: SELECT uuid, name, slim, `update`, hash FROM `skin` WHERE name = ?
[20:58:41.168] [top.e404.skin.server.sql.mapper.SkinMapper.getByName/DEBUG] ==> Parameters: Aayong(String)
[20:58:41.168] [top.e404.skin.server.sql.mapper.SkinMapper.getByName/TRACE] <==    Columns: uuid, name, slim, update, hash
[20:58:41.168] [top.e404.skin.server.sql.mapper.SkinMapper.getByName/TRACE] <==        Row: a430252e63104405ab1c262eab6ed890, Aayong, 0, 1765726990733, ba6d75a46dbaf19d5259441413f4c7e94614cf489577f495bceafc4d046e9ef3
[20:58:41.170] [top.e404.skin.server.sql.mapper.SkinMapper.getByName/DEBUG] <==      Total: 1
[20:58:41.170] [org.apache.ibatis.transaction.jdbc.JdbcTransaction/DEBUG] Closing JDBC Connection [HikariProxyConnection@1401897030 wrapping com.mysql.cj.jdbc.ConnectionImpl@56f1ed93]
[20:58:41.380] [io.ktor.server.plugins.contentnegotiation.ContentNegotiation/TRACE] Skipping because body is already converted.
[20:58:41.381] [ktor.application/INFO ] [200] [GET] /render/name/Aayong/homo okhttp/4.12.0
[20:58:50.268] [io.ktor.routing.Routing/TRACE] Trace for [render, name, Aayong, homo]
/, segment:0 -> SUCCESS @ /
  /render, segment:1 -> SUCCESS @ /render
    /render/{type}, segment:2 -> SUCCESS; Parameters [type=[name]] @ /render/{type}
      /render/{type}/{content}, segment:3 -> SUCCESS; Parameters [content=[Aayong]] @ /render/{type}/{content}
        /render/{type}/{content}/{position}, segment:4 -> SUCCESS; Parameters [position=[homo]] @ /render/{type}/{content}/{position}
          /render/{type}/{content}/{position}/(method:GET), segment:4 -> SUCCESS @ /render/{type}/{content}/{position}/(method:GET)
  /refresh, segment:0 -> FAILURE "Selector didn't match" @ /refresh
  /data, segment:0 -> FAILURE "Selector didn't match" @ /data
  /face, segment:0 -> FAILURE "Selector didn't match" @ /face
Matched routes:
  "" -> "render" -> "{type}" -> "{content}" -> "{position}" -> "(method:GET)"
Route resolve result:
  SUCCESS; Parameters [type=[name], content=[Aayong], position=[homo]] @ /render/{type}/{content}/{position}/(method:GET)
[20:58:50.268] [org.apache.ibatis.transaction.jdbc.JdbcTransaction/DEBUG] Opening JDBC Connection
[20:58:50.269] [top.e404.skin.server.sql.mapper.SkinMapper.getByName/DEBUG] ==>  Preparing: SELECT uuid, name, slim, `update`, hash FROM `skin` WHERE name = ?
[20:58:50.269] [top.e404.skin.server.sql.mapper.SkinMapper.getByName/DEBUG] ==> Parameters: Aayong(String)
[20:58:50.270] [top.e404.skin.server.sql.mapper.SkinMapper.getByName/TRACE] <==    Columns: uuid, name, slim, update, hash
[20:58:50.270] [top.e404.skin.server.sql.mapper.SkinMapper.getByName/TRACE] <==        Row: a430252e63104405ab1c262eab6ed890, Aayong, 0, 1765726990733, ba6d75a46dbaf19d5259441413f4c7e94614cf489577f495bceafc4d046e9ef3
[20:58:50.270] [top.e404.skin.server.sql.mapper.SkinMapper.getByName/DEBUG] <==      Total: 1
[20:58:50.271] [org.apache.ibatis.transaction.jdbc.JdbcTransaction/DEBUG] Closing JDBC Connection [HikariProxyConnection@180862614 wrapping com.mysql.cj.jdbc.ConnectionImpl@56f1ed93]
[20:58:50.490] [io.ktor.server.plugins.contentnegotiation.ContentNegotiation/TRACE] Skipping because body is already converted.
[20:58:50.490] [ktor.application/INFO ] [200] [GET] /render/name/Aayong/homo okhttp/4.12.0
[20:58:54.282] [io.ktor.routing.Routing/TRACE] Trace for [render, name, Aayong, homo]
/, segment:0 -> SUCCESS @ /
  /render, segment:1 -> SUCCESS @ /render
    /render/{type}, segment:2 -> SUCCESS; Parameters [type=[name]] @ /render/{type}
      /render/{type}/{content}, segment:3 -> SUCCESS; Parameters [content=[Aayong]] @ /render/{type}/{content}
        /render/{type}/{content}/{position}, segment:4 -> SUCCESS; Parameters [position=[homo]] @ /render/{type}/{content}/{position}
          /render/{type}/{content}/{position}/(method:GET), segment:4 -> SUCCESS @ /render/{type}/{content}/{position}/(method:GET)
  /refresh, segment:0 -> FAILURE "Selector didn't match" @ /refresh
  /data, segment:0 -> FAILURE "Selector didn't match" @ /data
  /face, segment:0 -> FAILURE "Selector didn't match" @ /face
Matched routes:
  "" -> "render" -> "{type}" -> "{content}" -> "{position}" -> "(method:GET)"
Route resolve result:
  SUCCESS; Parameters [type=[name], content=[Aayong], position=[homo]] @ /render/{type}/{content}/{position}/(method:GET)
[20:58:54.283] [org.apache.ibatis.transaction.jdbc.JdbcTransaction/DEBUG] Opening JDBC Connection
[20:58:54.283] [top.e404.skin.server.sql.mapper.SkinMapper.getByName/DEBUG] ==>  Preparing: SELECT uuid, name, slim, `update`, hash FROM `skin` WHERE name = ?
[20:58:54.283] [top.e404.skin.server.sql.mapper.SkinMapper.getByName/DEBUG] ==> Parameters: Aayong(String)
[20:58:54.284] [top.e404.skin.server.sql.mapper.SkinMapper.getByName/TRACE] <==    Columns: uuid, name, slim, update, hash
[20:58:54.284] [top.e404.skin.server.sql.mapper.SkinMapper.getByName/TRACE] <==        Row: a430252e63104405ab1c262eab6ed890, Aayong, 0, 1765726990733, ba6d75a46dbaf19d5259441413f4c7e94614cf489577f495bceafc4d046e9ef3
[20:58:54.285] [top.e404.skin.server.sql.mapper.SkinMapper.getByName/DEBUG] <==      Total: 1
[20:58:54.285] [org.apache.ibatis.transaction.jdbc.JdbcTransaction/DEBUG] Closing JDBC Connection [HikariProxyConnection@1891048008 wrapping com.mysql.cj.jdbc.ConnectionImpl@56f1ed93]
[20:58:54.488] [io.ktor.server.plugins.contentnegotiation.ContentNegotiation/TRACE] Skipping because body is already converted.
[20:58:54.488] [ktor.application/INFO ] [200] [GET] /render/name/Aayong/homo okhttp/4.12.0
[20:58:58.008] [io.ktor.routing.Routing/TRACE] Trace for [render, name, Aayong, homo]
/, segment:0 -> SUCCESS @ /
  /render, segment:1 -> SUCCESS @ /render
    /render/{type}, segment:2 -> SUCCESS; Parameters [type=[name]] @ /render/{type}
      /render/{type}/{content}, segment:3 -> SUCCESS; Parameters [content=[Aayong]] @ /render/{type}/{content}
        /render/{type}/{content}/{position}, segment:4 -> SUCCESS; Parameters [position=[homo]] @ /render/{type}/{content}/{position}
          /render/{type}/{content}/{position}/(method:GET), segment:4 -> SUCCESS @ /render/{type}/{content}/{position}/(method:GET)
  /refresh, segment:0 -> FAILURE "Selector didn't match" @ /refresh
  /data, segment:0 -> FAILURE "Selector didn't match" @ /data
  /face, segment:0 -> FAILURE "Selector didn't match" @ /face
Matched routes:
  "" -> "render" -> "{type}" -> "{content}" -> "{position}" -> "(method:GET)"
Route resolve result:
  SUCCESS; Parameters [type=[name], content=[Aayong], position=[homo]] @ /render/{type}/{content}/{position}/(method:GET)
[20:58:58.009] [org.apache.ibatis.transaction.jdbc.JdbcTransaction/DEBUG] Opening JDBC Connection
[20:58:58.010] [top.e404.skin.server.sql.mapper.SkinMapper.getByName/DEBUG] ==>  Preparing: SELECT uuid, name, slim, `update`, hash FROM `skin` WHERE name = ?
[20:58:58.010] [top.e404.skin.server.sql.mapper.SkinMapper.getByName/DEBUG] ==> Parameters: Aayong(String)
[20:58:58.011] [top.e404.skin.server.sql.mapper.SkinMapper.getByName/TRACE] <==    Columns: uuid, name, slim, update, hash
[20:58:58.011] [top.e404.skin.server.sql.mapper.SkinMapper.getByName/TRACE] <==        Row: a430252e63104405ab1c262eab6ed890, Aayong, 0, 1765726990733, ba6d75a46dbaf19d5259441413f4c7e94614cf489577f495bceafc4d046e9ef3
[20:58:58.011] [top.e404.skin.server.sql.mapper.SkinMapper.getByName/DEBUG] <==      Total: 1
[20:58:58.012] [org.apache.ibatis.transaction.jdbc.JdbcTransaction/DEBUG] Closing JDBC Connection [HikariProxyConnection@230307499 wrapping com.mysql.cj.jdbc.ConnectionImpl@56f1ed93]
[20:58:58.216] [io.ktor.server.plugins.contentnegotiation.ContentNegotiation/TRACE] Skipping because body is already converted.
[20:58:58.217] [ktor.application/INFO ] [200] [GET] /render/name/Aayong/homo okhttp/4.12.0
[20:59:01.877] [io.ktor.routing.Routing/TRACE] Trace for [render, name, Aayong, homo]
/, segment:0 -> SUCCESS @ /
  /render, segment:1 -> SUCCESS @ /render
    /render/{type}, segment:2 -> SUCCESS; Parameters [type=[name]] @ /render/{type}
      /render/{type}/{content}, segment:3 -> SUCCESS; Parameters [content=[Aayong]] @ /render/{type}/{content}
        /render/{type}/{content}/{position}, segment:4 -> SUCCESS; Parameters [position=[homo]] @ /render/{type}/{content}/{position}
          /render/{type}/{content}/{position}/(method:GET), segment:4 -> SUCCESS @ /render/{type}/{content}/{position}/(method:GET)
  /refresh, segment:0 -> FAILURE "Selector didn't match" @ /refresh
  /data, segment:0 -> FAILURE "Selector didn't match" @ /data
  /face, segment:0 -> FAILURE "Selector didn't match" @ /face
Matched routes:
  "" -> "render" -> "{type}" -> "{content}" -> "{position}" -> "(method:GET)"
Route resolve result:
  SUCCESS; Parameters [type=[name], content=[Aayong], position=[homo]] @ /render/{type}/{content}/{position}/(method:GET)
[20:59:01.877] [org.apache.ibatis.transaction.jdbc.JdbcTransaction/DEBUG] Opening JDBC Connection
[20:59:01.878] [top.e404.skin.server.sql.mapper.SkinMapper.getByName/DEBUG] ==>  Preparing: SELECT uuid, name, slim, `update`, hash FROM `skin` WHERE name = ?
[20:59:01.878] [top.e404.skin.server.sql.mapper.SkinMapper.getByName/DEBUG] ==> Parameters: Aayong(String)
[20:59:01.878] [top.e404.skin.server.sql.mapper.SkinMapper.getByName/TRACE] <==    Columns: uuid, name, slim, update, hash
[20:59:01.878] [top.e404.skin.server.sql.mapper.SkinMapper.getByName/TRACE] <==        Row: a430252e63104405ab1c262eab6ed890, Aayong, 0, 1765726990733, ba6d75a46dbaf19d5259441413f4c7e94614cf489577f495bceafc4d046e9ef3
[20:59:01.879] [top.e404.skin.server.sql.mapper.SkinMapper.getByName/DEBUG] <==      Total: 1
[20:59:01.879] [org.apache.ibatis.transaction.jdbc.JdbcTransaction/DEBUG] Closing JDBC Connection [HikariProxyConnection@394011720 wrapping com.mysql.cj.jdbc.ConnectionImpl@56f1ed93]
[20:59:02.104] [io.ktor.server.plugins.contentnegotiation.ContentNegotiation/TRACE] Skipping because body is already converted.
[20:59:02.104] [ktor.application/INFO ] [200] [GET] /render/name/Aayong/homo okhttp/4.12.0
[20:59:06.539] [com.zaxxer.hikari.pool.HikariPool/DEBUG] HikariPool-1 - Pool stats (total=10, active=0, idle=10, waiting=0)
[20:59:06.539] [com.zaxxer.hikari.pool.HikariPool/DEBUG] HikariPool-1 - Fill pool skipped, pool has sufficient level or currently being filled (queueDepth=0).
[20:59:23.026] [io.ktor.routing.Routing/TRACE] Trace for [render, name, Aayong, homo]
/, segment:0 -> SUCCESS @ /
  /render, segment:1 -> SUCCESS @ /render
    /render/{type}, segment:2 -> SUCCESS; Parameters [type=[name]] @ /render/{type}
      /render/{type}/{content}, segment:3 -> SUCCESS; Parameters [content=[Aayong]] @ /render/{type}/{content}
        /render/{type}/{content}/{position}, segment:4 -> SUCCESS; Parameters [position=[homo]] @ /render/{type}/{content}/{position}
          /render/{type}/{content}/{position}/(method:GET), segment:4 -> SUCCESS @ /render/{type}/{content}/{position}/(method:GET)
  /refresh, segment:0 -> FAILURE "Selector didn't match" @ /refresh
  /data, segment:0 -> FAILURE "Selector didn't match" @ /data
  /face, segment:0 -> FAILURE "Selector didn't match" @ /face
Matched routes:
  "" -> "render" -> "{type}" -> "{content}" -> "{position}" -> "(method:GET)"
Route resolve result:
  SUCCESS; Parameters [type=[name], content=[Aayong], position=[homo]] @ /render/{type}/{content}/{position}/(method:GET)
[20:59:23.026] [org.apache.ibatis.transaction.jdbc.JdbcTransaction/DEBUG] Opening JDBC Connection
[20:59:23.027] [top.e404.skin.server.sql.mapper.SkinMapper.getByName/DEBUG] ==>  Preparing: SELECT uuid, name, slim, `update`, hash FROM `skin` WHERE name = ?
[20:59:23.027] [top.e404.skin.server.sql.mapper.SkinMapper.getByName/DEBUG] ==> Parameters: Aayong(String)
[20:59:23.028] [top.e404.skin.server.sql.mapper.SkinMapper.getByName/TRACE] <==    Columns: uuid, name, slim, update, hash
[20:59:23.028] [top.e404.skin.server.sql.mapper.SkinMapper.getByName/TRACE] <==        Row: a430252e63104405ab1c262eab6ed890, Aayong, 0, 1765726990733, ba6d75a46dbaf19d5259441413f4c7e94614cf489577f495bceafc4d046e9ef3
[20:59:23.028] [top.e404.skin.server.sql.mapper.SkinMapper.getByName/DEBUG] <==      Total: 1
[20:59:23.028] [org.apache.ibatis.transaction.jdbc.JdbcTransaction/DEBUG] Closing JDBC Connection [HikariProxyConnection@237669438 wrapping com.mysql.cj.jdbc.ConnectionImpl@56f1ed93]
[20:59:23.221] [io.ktor.server.plugins.contentnegotiation.ContentNegotiation/TRACE] Skipping because body is already converted.
[20:59:23.221] [ktor.application/INFO ] [200] [GET] /render/name/Aayong/homo okhttp/4.12.0
[20:59:26.789] [io.ktor.routing.Routing/TRACE] Trace for [render, name, Aayong, homo]
/, segment:0 -> SUCCESS @ /
  /render, segment:1 -> SUCCESS @ /render
    /render/{type}, segment:2 -> SUCCESS; Parameters [type=[name]] @ /render/{type}
      /render/{type}/{content}, segment:3 -> SUCCESS; Parameters [content=[Aayong]] @ /render/{type}/{content}
        /render/{type}/{content}/{position}, segment:4 -> SUCCESS; Parameters [position=[homo]] @ /render/{type}/{content}/{position}
          /render/{type}/{content}/{position}/(method:GET), segment:4 -> SUCCESS @ /render/{type}/{content}/{position}/(method:GET)
  /refresh, segment:0 -> FAILURE "Selector didn't match" @ /refresh
  /data, segment:0 -> FAILURE "Selector didn't match" @ /data
  /face, segment:0 -> FAILURE "Selector didn't match" @ /face
Matched routes:
  "" -> "render" -> "{type}" -> "{content}" -> "{position}" -> "(method:GET)"
Route resolve result:
  SUCCESS; Parameters [type=[name], content=[Aayong], position=[homo]] @ /render/{type}/{content}/{position}/(method:GET)
[20:59:26.790] [org.apache.ibatis.transaction.jdbc.JdbcTransaction/DEBUG] Opening JDBC Connection
[20:59:26.790] [top.e404.skin.server.sql.mapper.SkinMapper.getByName/DEBUG] ==>  Preparing: SELECT uuid, name, slim, `update`, hash FROM `skin` WHERE name = ?
[20:59:26.790] [top.e404.skin.server.sql.mapper.SkinMapper.getByName/DEBUG] ==> Parameters: Aayong(String)
[20:59:26.791] [top.e404.skin.server.sql.mapper.SkinMapper.getByName/TRACE] <==    Columns: uuid, name, slim, update, hash
[20:59:26.791] [top.e404.skin.server.sql.mapper.SkinMapper.getByName/TRACE] <==        Row: a430252e63104405ab1c262eab6ed890, Aayong, 0, 1765726990733, ba6d75a46dbaf19d5259441413f4c7e94614cf489577f495bceafc4d046e9ef3
[20:59:26.792] [top.e404.skin.server.sql.mapper.SkinMapper.getByName/DEBUG] <==      Total: 1
[20:59:26.792] [org.apache.ibatis.transaction.jdbc.JdbcTransaction/DEBUG] Closing JDBC Connection [HikariProxyConnection@1412695518 wrapping com.mysql.cj.jdbc.ConnectionImpl@56f1ed93]
[20:59:27.004] [io.ktor.server.plugins.contentnegotiation.ContentNegotiation/TRACE] Skipping because body is already converted.
[20:59:27.005] [ktor.application/INFO ] [200] [GET] /render/name/Aayong/homo okhttp/4.12.0
[20:59:32.643] [io.ktor.routing.Routing/TRACE] Trace for [render, name, Aayong, homo]
/, segment:0 -> SUCCESS @ /
  /render, segment:1 -> SUCCESS @ /render
    /render/{type}, segment:2 -> SUCCESS; Parameters [type=[name]] @ /render/{type}
      /render/{type}/{content}, segment:3 -> SUCCESS; Parameters [content=[Aayong]] @ /render/{type}/{content}
        /render/{type}/{content}/{position}, segment:4 -> SUCCESS; Parameters [position=[homo]] @ /render/{type}/{content}/{position}
          /render/{type}/{content}/{position}/(method:GET), segment:4 -> SUCCESS @ /render/{type}/{content}/{position}/(method:GET)
  /refresh, segment:0 -> FAILURE "Selector didn't match" @ /refresh
  /data, segment:0 -> FAILURE "Selector didn't match" @ /data
  /face, segment:0 -> FAILURE "Selector didn't match" @ /face
Matched routes:
  "" -> "render" -> "{type}" -> "{content}" -> "{position}" -> "(method:GET)"
Route resolve result:
  SUCCESS; Parameters [type=[name], content=[Aayong], position=[homo]] @ /render/{type}/{content}/{position}/(method:GET)
[20:59:32.644] [org.apache.ibatis.transaction.jdbc.JdbcTransaction/DEBUG] Opening JDBC Connection
[20:59:32.644] [top.e404.skin.server.sql.mapper.SkinMapper.getByName/DEBUG] ==>  Preparing: SELECT uuid, name, slim, `update`, hash FROM `skin` WHERE name = ?
[20:59:32.644] [top.e404.skin.server.sql.mapper.SkinMapper.getByName/DEBUG] ==> Parameters: Aayong(String)
[20:59:32.645] [top.e404.skin.server.sql.mapper.SkinMapper.getByName/TRACE] <==    Columns: uuid, name, slim, update, hash
[20:59:32.645] [top.e404.skin.server.sql.mapper.SkinMapper.getByName/TRACE] <==        Row: a430252e63104405ab1c262eab6ed890, Aayong, 0, 1765726990733, ba6d75a46dbaf19d5259441413f4c7e94614cf489577f495bceafc4d046e9ef3
[20:59:32.646] [top.e404.skin.server.sql.mapper.SkinMapper.getByName/DEBUG] <==      Total: 1
[20:59:32.646] [org.apache.ibatis.transaction.jdbc.JdbcTransaction/DEBUG] Closing JDBC Connection [HikariProxyConnection@368739825 wrapping com.mysql.cj.jdbc.ConnectionImpl@56f1ed93]
[20:59:32.915] [io.ktor.server.plugins.contentnegotiation.ContentNegotiation/TRACE] Skipping because body is already converted.
[20:59:32.915] [ktor.application/INFO ] [200] [GET] /render/name/Aayong/homo okhttp/4.12.0
[20:59:36.552] [com.zaxxer.hikari.pool.HikariPool/DEBUG] HikariPool-1 - Pool stats (total=10, active=0, idle=10, waiting=0)
[20:59:36.552] [com.zaxxer.hikari.pool.HikariPool/DEBUG] HikariPool-1 - Fill pool skipped, pool has sufficient level or currently being filled (queueDepth=0).
[20:59:53.776] [App/INFO ] 正在关闭
